{"F:\\WebFixer\\backend\\db.js": {"path":"F:\\WebFixer\\backend\\db.js","statementMap":{"0":{"start":{"line":1,"column":17},"end":{"line":1,"column":36}},"1":{"start":{"line":4,"column":2},"end":{"line":23,"column":3}},"2":{"start":{"line":5,"column":16},"end":{"line":5,"column":79}},"3":{"start":{"line":7,"column":4},"end":{"line":9,"column":7}},"4":{"start":{"line":11,"column":4},"end":{"line":11,"column":42}},"5":{"start":{"line":14,"column":4},"end":{"line":18,"column":5}},"6":{"start":{"line":15,"column":6},"end":{"line":15,"column":96}},"7":{"start":{"line":21,"column":4},"end":{"line":21,"column":65}},"8":{"start":{"line":22,"column":4},"end":{"line":22,"column":20}},"9":{"start":{"line":27,"column":2},"end":{"line":27,"column":30}},"10":{"start":{"line":30,"column":0},"end":{"line":30,"column":57}}},"fnMap":{"0":{"name":"connectDatabase","decl":{"start":{"line":3,"column":15},"end":{"line":3,"column":30}},"loc":{"start":{"line":3,"column":33},"end":{"line":24,"column":1}},"line":3},"1":{"name":"disconnectDatabase","decl":{"start":{"line":26,"column":15},"end":{"line":26,"column":33}},"loc":{"start":{"line":26,"column":36},"end":{"line":28,"column":1}},"line":26}},"branchMap":{"0":{"loc":{"start":{"line":5,"column":16},"end":{"line":5,"column":79}},"type":"binary-expr","locations":[{"start":{"line":5,"column":16},"end":{"line":5,"column":39}},{"start":{"line":5,"column":43},"end":{"line":5,"column":79}}],"line":5}},"s":{"0":1,"1":0,"2":0,"3":0,"4":0,"5":0,"6":0,"7":0,"8":0,"9":0,"10":1},"f":{"0":0,"1":0},"b":{"0":[0,0]},"_coverageSchema":"1a1c01bbd47fc00a2c39e90264f33305004495a9","hash":"86cb9207bc1f0d20fc7b0476b071bf6ae422bd7e"}
,"F:\\WebFixer\\backend\\logger.js": {"path":"F:\\WebFixer\\backend\\logger.js","statementMap":{"0":{"start":{"line":1,"column":16},"end":{"line":1,"column":34}},"1":{"start":{"line":2,"column":13},"end":{"line":2,"column":28}},"2":{"start":{"line":3,"column":11},"end":{"line":3,"column":24}},"3":{"start":{"line":6,"column":15},"end":{"line":6,"column":46}},"4":{"start":{"line":7,"column":0},"end":{"line":9,"column":1}},"5":{"start":{"line":8,"column":2},"end":{"line":8,"column":44}},"6":{"start":{"line":11,"column":15},"end":{"line":19,"column":2}},"7":{"start":{"line":21,"column":0},"end":{"line":25,"column":1}},"8":{"start":{"line":22,"column":2},"end":{"line":24,"column":6}},"9":{"start":{"line":27,"column":0},"end":{"line":27,"column":24}}},"fnMap":{},"branchMap":{"0":{"loc":{"start":{"line":7,"column":0},"end":{"line":9,"column":1}},"type":"if","locations":[{"start":{"line":7,"column":0},"end":{"line":9,"column":1}},{"start":{},"end":{}}],"line":7},"1":{"loc":{"start":{"line":12,"column":9},"end":{"line":12,"column":40}},"type":"binary-expr","locations":[{"start":{"line":12,"column":9},"end":{"line":12,"column":30}},{"start":{"line":12,"column":34},"end":{"line":12,"column":40}}],"line":12},"2":{"loc":{"start":{"line":21,"column":0},"end":{"line":25,"column":1}},"type":"if","locations":[{"start":{"line":21,"column":0},"end":{"line":25,"column":1}},{"start":{},"end":{}}],"line":21}},"s":{"0":1,"1":1,"2":1,"3":1,"4":1,"5":0,"6":1,"7":1,"8":1,"9":1},"f":{},"b":{"0":[0,1],"1":[1,1],"2":[1,0]},"_coverageSchema":"1a1c01bbd47fc00a2c39e90264f33305004495a9","hash":"d357ec052634ab5d8162efc23ddfb6172dde2b58"}
,"F:\\WebFixer\\backend\\server.js": {"path":"F:\\WebFixer\\backend\\server.js","statementMap":{"0":{"start":{"line":5,"column":0},"end":{"line":5,"column":27}},"1":{"start":{"line":6,"column":16},"end":{"line":6,"column":34}},"2":{"start":{"line":7,"column":40},"end":{"line":7,"column":69}},"3":{"start":{"line":8,"column":19},"end":{"line":8,"column":43}},"4":{"start":{"line":9,"column":19},"end":{"line":9,"column":43}},"5":{"start":{"line":10,"column":26},"end":{"line":10,"column":57}},"6":{"start":{"line":11,"column":20},"end":{"line":11,"column":45}},"7":{"start":{"line":12,"column":30},"end":{"line":12,"column":65}},"8":{"start":{"line":13,"column":24},"end":{"line":13,"column":52}},"9":{"start":{"line":14,"column":14},"end":{"line":14,"column":39}},"10":{"start":{"line":15,"column":22},"end":{"line":15,"column":57}},"11":{"start":{"line":16,"column":28},"end":{"line":16,"column":43}},"12":{"start":{"line":17,"column":15},"end":{"line":17,"column":34}},"13":{"start":{"line":18,"column":16},"end":{"line":18,"column":52}},"14":{"start":{"line":19,"column":50},"end":{"line":19,"column":85}},"15":{"start":{"line":20,"column":25},"end":{"line":20,"column":48}},"16":{"start":{"line":22,"column":12},"end":{"line":22,"column":21}},"17":{"start":{"line":23,"column":13},"end":{"line":23,"column":37}},"18":{"start":{"line":27,"column":0},"end":{"line":27,"column":24}},"19":{"start":{"line":30,"column":0},"end":{"line":33,"column":3}},"20":{"start":{"line":31,"column":2},"end":{"line":31,"column":43}},"21":{"start":{"line":32,"column":2},"end":{"line":32,"column":9}},"22":{"start":{"line":36,"column":23},"end":{"line":36,"column":138}},"23":{"start":{"line":38,"column":0},"end":{"line":52,"column":3}},"24":{"start":{"line":39,"column":17},"end":{"line":39,"column":35}},"25":{"start":{"line":39,"column":37},"end":{"line":39,"column":39}},"26":{"start":{"line":40,"column":2},"end":{"line":42,"column":3}},"27":{"start":{"line":41,"column":4},"end":{"line":41,"column":54}},"28":{"start":{"line":43,"column":2},"end":{"line":43,"column":80}},"29":{"start":{"line":44,"column":2},"end":{"line":44,"column":110}},"30":{"start":{"line":47,"column":2},"end":{"line":49,"column":3}},"31":{"start":{"line":48,"column":4},"end":{"line":48,"column":33}},"32":{"start":{"line":51,"column":2},"end":{"line":51,"column":9}},"33":{"start":{"line":55,"column":0},"end":{"line":55,"column":29}},"34":{"start":{"line":56,"column":0},"end":{"line":56,"column":46}},"35":{"start":{"line":57,"column":0},"end":{"line":57,"column":33}},"36":{"start":{"line":58,"column":0},"end":{"line":58,"column":47}},"37":{"start":{"line":59,"column":0},"end":{"line":59,"column":35}},"38":{"start":{"line":60,"column":0},"end":{"line":60,"column":55}},"39":{"start":{"line":61,"column":13},"end":{"line":61,"column":28}},"40":{"start":{"line":62,"column":0},"end":{"line":67,"column":52}},"41":{"start":{"line":63,"column":2},"end":{"line":63,"column":66}},"42":{"start":{"line":64,"column":2},"end":{"line":64,"column":53}},"43":{"start":{"line":65,"column":2},"end":{"line":65,"column":53}},"44":{"start":{"line":66,"column":2},"end":{"line":66,"column":9}},"45":{"start":{"line":71,"column":12},"end":{"line":71,"column":35}},"46":{"start":{"line":77,"column":2},"end":{"line":113,"column":3}},"47":{"start":{"line":78,"column":16},"end":{"line":78,"column":28}},"48":{"start":{"line":79,"column":4},"end":{"line":79,"column":66}},"49":{"start":{"line":79,"column":53},"end":{"line":79,"column":66}},"50":{"start":{"line":81,"column":21},"end":{"line":81,"column":33}},"51":{"start":{"line":84,"column":4},"end":{"line":86,"column":5}},"52":{"start":{"line":85,"column":6},"end":{"line":85,"column":19}},"53":{"start":{"line":88,"column":4},"end":{"line":108,"column":5}},"54":{"start":{"line":89,"column":21},"end":{"line":89,"column":47}},"55":{"start":{"line":90,"column":17},"end":{"line":90,"column":31}},"56":{"start":{"line":93,"column":6},"end":{"line":104,"column":7}},"57":{"start":{"line":103,"column":8},"end":{"line":103,"column":21}},"58":{"start":{"line":107,"column":6},"end":{"line":107,"column":19}},"59":{"start":{"line":110,"column":4},"end":{"line":110,"column":16}},"60":{"start":{"line":112,"column":4},"end":{"line":112,"column":17}},"61":{"start":{"line":125,"column":0},"end":{"line":181,"column":3}},"62":{"start":{"line":126,"column":22},"end":{"line":126,"column":31}},"63":{"start":{"line":127,"column":16},"end":{"line":127,"column":29}},"64":{"start":{"line":130,"column":2},"end":{"line":132,"column":3}},"65":{"start":{"line":131,"column":4},"end":{"line":131,"column":70}},"66":{"start":{"line":134,"column":15},"end":{"line":134,"column":35}},"67":{"start":{"line":135,"column":2},"end":{"line":139,"column":3}},"68":{"start":{"line":136,"column":4},"end":{"line":138,"column":7}},"69":{"start":{"line":141,"column":2},"end":{"line":141,"column":88}},"70":{"start":{"line":143,"column":2},"end":{"line":180,"column":3}},"71":{"start":{"line":144,"column":22},"end":{"line":144,"column":32}},"72":{"start":{"line":147,"column":19},"end":{"line":147,"column":51}},"73":{"start":{"line":149,"column":21},"end":{"line":149,"column":43}},"74":{"start":{"line":150,"column":4},"end":{"line":150,"column":64}},"75":{"start":{"line":153,"column":20},"end":{"line":153,"column":41}},"76":{"start":{"line":154,"column":4},"end":{"line":154,"column":112}},"77":{"start":{"line":155,"column":4},"end":{"line":155,"column":76}},"78":{"start":{"line":156,"column":4},"end":{"line":156,"column":47}},"79":{"start":{"line":158,"column":4},"end":{"line":166,"column":7}},"80":{"start":{"line":169,"column":4},"end":{"line":169,"column":51}},"81":{"start":{"line":172,"column":4},"end":{"line":174,"column":5}},"82":{"start":{"line":173,"column":6},"end":{"line":173,"column":72}},"83":{"start":{"line":175,"column":4},"end":{"line":177,"column":5}},"84":{"start":{"line":176,"column":6},"end":{"line":176,"column":121}},"85":{"start":{"line":179,"column":4},"end":{"line":179,"column":75}},"86":{"start":{"line":186,"column":0},"end":{"line":204,"column":3}},"87":{"start":{"line":187,"column":2},"end":{"line":203,"column":3}},"88":{"start":{"line":188,"column":18},"end":{"line":188,"column":48}},"89":{"start":{"line":189,"column":4},"end":{"line":189,"column":74}},"90":{"start":{"line":189,"column":16},"end":{"line":189,"column":74}},"91":{"start":{"line":191,"column":4},"end":{"line":193,"column":5}},"92":{"start":{"line":192,"column":6},"end":{"line":192,"column":58}},"93":{"start":{"line":195,"column":4},"end":{"line":195,"column":53}},"94":{"start":{"line":196,"column":4},"end":{"line":196,"column":99}},"95":{"start":{"line":198,"column":4},"end":{"line":198,"column":48}},"96":{"start":{"line":199,"column":4},"end":{"line":199,"column":68}},"97":{"start":{"line":201,"column":4},"end":{"line":201,"column":47}},"98":{"start":{"line":202,"column":4},"end":{"line":202,"column":62}},"99":{"start":{"line":209,"column":0},"end":{"line":225,"column":3}},"100":{"start":{"line":210,"column":2},"end":{"line":224,"column":3}},"101":{"start":{"line":211,"column":18},"end":{"line":211,"column":48}},"102":{"start":{"line":212,"column":4},"end":{"line":212,"column":74}},"103":{"start":{"line":212,"column":16},"end":{"line":212,"column":74}},"104":{"start":{"line":214,"column":4},"end":{"line":216,"column":5}},"105":{"start":{"line":215,"column":6},"end":{"line":215,"column":58}},"106":{"start":{"line":218,"column":17},"end":{"line":218,"column":50}},"107":{"start":{"line":219,"column":4},"end":{"line":219,"column":47}},"108":{"start":{"line":220,"column":4},"end":{"line":220,"column":19}},"109":{"start":{"line":222,"column":4},"end":{"line":222,"column":48}},"110":{"start":{"line":223,"column":4},"end":{"line":223,"column":63}},"111":{"start":{"line":231,"column":0},"end":{"line":243,"column":3}},"112":{"start":{"line":232,"column":2},"end":{"line":242,"column":3}},"113":{"start":{"line":233,"column":18},"end":{"line":233,"column":48}},"114":{"start":{"line":234,"column":4},"end":{"line":234,"column":74}},"115":{"start":{"line":234,"column":16},"end":{"line":234,"column":74}},"116":{"start":{"line":235,"column":4},"end":{"line":237,"column":5}},"117":{"start":{"line":236,"column":6},"end":{"line":236,"column":58}},"118":{"start":{"line":238,"column":4},"end":{"line":238,"column":38}},"119":{"start":{"line":239,"column":4},"end":{"line":239,"column":43}},"120":{"start":{"line":241,"column":4},"end":{"line":241,"column":62}},"121":{"start":{"line":249,"column":0},"end":{"line":261,"column":3}},"122":{"start":{"line":250,"column":2},"end":{"line":260,"column":3}},"123":{"start":{"line":251,"column":18},"end":{"line":251,"column":48}},"124":{"start":{"line":252,"column":4},"end":{"line":252,"column":74}},"125":{"start":{"line":252,"column":16},"end":{"line":252,"column":74}},"126":{"start":{"line":253,"column":4},"end":{"line":255,"column":5}},"127":{"start":{"line":254,"column":6},"end":{"line":254,"column":58}},"128":{"start":{"line":256,"column":20},"end":{"line":256,"column":88}},"129":{"start":{"line":257,"column":4},"end":{"line":257,"column":59}},"130":{"start":{"line":259,"column":4},"end":{"line":259,"column":67}},"131":{"start":{"line":267,"column":0},"end":{"line":279,"column":3}},"132":{"start":{"line":268,"column":2},"end":{"line":278,"column":3}},"133":{"start":{"line":269,"column":18},"end":{"line":269,"column":48}},"134":{"start":{"line":270,"column":4},"end":{"line":270,"column":74}},"135":{"start":{"line":270,"column":16},"end":{"line":270,"column":74}},"136":{"start":{"line":271,"column":4},"end":{"line":273,"column":5}},"137":{"start":{"line":272,"column":6},"end":{"line":272,"column":58}},"138":{"start":{"line":274,"column":20},"end":{"line":274,"column":89}},"139":{"start":{"line":275,"column":4},"end":{"line":275,"column":59}},"140":{"start":{"line":277,"column":4},"end":{"line":277,"column":67}},"141":{"start":{"line":284,"column":0},"end":{"line":291,"column":3}},"142":{"start":{"line":285,"column":25},"end":{"line":285,"column":44}},"143":{"start":{"line":286,"column":2},"end":{"line":290,"column":5}},"144":{"start":{"line":296,"column":0},"end":{"line":305,"column":3}},"145":{"start":{"line":297,"column":2},"end":{"line":304,"column":5}},"146":{"start":{"line":309,"column":0},"end":{"line":317,"column":1}},"147":{"start":{"line":310,"column":2},"end":{"line":316,"column":5}},"148":{"start":{"line":311,"column":4},"end":{"line":315,"column":7}},"149":{"start":{"line":312,"column":6},"end":{"line":312,"column":74}},"150":{"start":{"line":313,"column":6},"end":{"line":313,"column":84}},"151":{"start":{"line":314,"column":6},"end":{"line":314,"column":59}},"152":{"start":{"line":319,"column":0},"end":{"line":319,"column":21}}},"fnMap":{"0":{"name":"(anonymous_0)","decl":{"start":{"line":30,"column":8},"end":{"line":30,"column":9}},"loc":{"start":{"line":30,"column":28},"end":{"line":33,"column":1}},"line":30},"1":{"name":"(anonymous_1)","decl":{"start":{"line":38,"column":8},"end":{"line":38,"column":9}},"loc":{"start":{"line":38,"column":28},"end":{"line":52,"column":1}},"line":38},"2":{"name":"(anonymous_2)","decl":{"start":{"line":62,"column":36},"end":{"line":62,"column":37}},"loc":{"start":{"line":62,"column":56},"end":{"line":67,"column":1}},"line":62},"3":{"name":"isSafeUrl","decl":{"start":{"line":76,"column":15},"end":{"line":76,"column":24}},"loc":{"start":{"line":76,"column":30},"end":{"line":114,"column":1}},"line":76},"4":{"name":"(anonymous_4)","decl":{"start":{"line":125,"column":59},"end":{"line":125,"column":60}},"loc":{"start":{"line":125,"column":79},"end":{"line":181,"column":1}},"line":125},"5":{"name":"(anonymous_5)","decl":{"start":{"line":186,"column":50},"end":{"line":186,"column":51}},"loc":{"start":{"line":186,"column":70},"end":{"line":204,"column":1}},"line":186},"6":{"name":"(anonymous_6)","decl":{"start":{"line":209,"column":51},"end":{"line":209,"column":52}},"loc":{"start":{"line":209,"column":71},"end":{"line":225,"column":1}},"line":209},"7":{"name":"(anonymous_7)","decl":{"start":{"line":231,"column":42},"end":{"line":231,"column":43}},"loc":{"start":{"line":231,"column":62},"end":{"line":243,"column":1}},"line":231},"8":{"name":"(anonymous_8)","decl":{"start":{"line":249,"column":68},"end":{"line":249,"column":69}},"loc":{"start":{"line":249,"column":88},"end":{"line":261,"column":1}},"line":249},"9":{"name":"(anonymous_9)","decl":{"start":{"line":267,"column":68},"end":{"line":267,"column":69}},"loc":{"start":{"line":267,"column":88},"end":{"line":279,"column":1}},"line":267},"10":{"name":"(anonymous_10)","decl":{"start":{"line":284,"column":19},"end":{"line":284,"column":20}},"loc":{"start":{"line":284,"column":39},"end":{"line":291,"column":1}},"line":284},"11":{"name":"(anonymous_11)","decl":{"start":{"line":296,"column":13},"end":{"line":296,"column":14}},"loc":{"start":{"line":296,"column":27},"end":{"line":305,"column":1}},"line":296},"12":{"name":"(anonymous_12)","decl":{"start":{"line":310,"column":25},"end":{"line":310,"column":26}},"loc":{"start":{"line":310,"column":31},"end":{"line":316,"column":3}},"line":310},"13":{"name":"(anonymous_13)","decl":{"start":{"line":311,"column":21},"end":{"line":311,"column":22}},"loc":{"start":{"line":311,"column":27},"end":{"line":315,"column":5}},"line":311}},"branchMap":{"0":{"loc":{"start":{"line":23,"column":13},"end":{"line":23,"column":37}},"type":"binary-expr","locations":[{"start":{"line":23,"column":13},"end":{"line":23,"column":29}},{"start":{"line":23,"column":33},"end":{"line":23,"column":37}}],"line":23},"1":{"loc":{"start":{"line":40,"column":2},"end":{"line":42,"column":3}},"type":"if","locations":[{"start":{"line":40,"column":2},"end":{"line":42,"column":3}},{"start":{},"end":{}}],"line":40},"2":{"loc":{"start":{"line":47,"column":2},"end":{"line":49,"column":3}},"type":"if","locations":[{"start":{"line":47,"column":2},"end":{"line":49,"column":3}},{"start":{},"end":{}}],"line":47},"3":{"loc":{"start":{"line":79,"column":4},"end":{"line":79,"column":66}},"type":"if","locations":[{"start":{"line":79,"column":4},"end":{"line":79,"column":66}},{"start":{},"end":{}}],"line":79},"4":{"loc":{"start":{"line":84,"column":4},"end":{"line":86,"column":5}},"type":"if","locations":[{"start":{"line":84,"column":4},"end":{"line":86,"column":5}},{"start":{},"end":{}}],"line":84},"5":{"loc":{"start":{"line":84,"column":8},"end":{"line":84,"column":78}},"type":"binary-expr","locations":[{"start":{"line":84,"column":8},"end":{"line":84,"column":32}},{"start":{"line":84,"column":36},"end":{"line":84,"column":56}},{"start":{"line":84,"column":60},"end":{"line":84,"column":78}}],"line":84},"6":{"loc":{"start":{"line":93,"column":6},"end":{"line":104,"column":7}},"type":"if","locations":[{"start":{"line":93,"column":6},"end":{"line":104,"column":7}},{"start":{},"end":{}}],"line":93},"7":{"loc":{"start":{"line":94,"column":8},"end":{"line":101,"column":24}},"type":"binary-expr","locations":[{"start":{"line":94,"column":8},"end":{"line":94,"column":26}},{"start":{"line":95,"column":8},"end":{"line":95,"column":20}},{"start":{"line":96,"column":8},"end":{"line":96,"column":28}},{"start":{"line":97,"column":8},"end":{"line":97,"column":33}},{"start":{"line":98,"column":8},"end":{"line":98,"column":33}},{"start":{"line":99,"column":8},"end":{"line":99,"column":49}},{"start":{"line":100,"column":8},"end":{"line":100,"column":27}},{"start":{"line":101,"column":8},"end":{"line":101,"column":24}}],"line":94},"8":{"loc":{"start":{"line":130,"column":2},"end":{"line":132,"column":3}},"type":"if","locations":[{"start":{"line":130,"column":2},"end":{"line":132,"column":3}},{"start":{},"end":{}}],"line":130},"9":{"loc":{"start":{"line":135,"column":2},"end":{"line":139,"column":3}},"type":"if","locations":[{"start":{"line":135,"column":2},"end":{"line":139,"column":3}},{"start":{},"end":{}}],"line":135},"10":{"loc":{"start":{"line":172,"column":4},"end":{"line":174,"column":5}},"type":"if","locations":[{"start":{"line":172,"column":4},"end":{"line":174,"column":5}},{"start":{},"end":{}}],"line":172},"11":{"loc":{"start":{"line":175,"column":4},"end":{"line":177,"column":5}},"type":"if","locations":[{"start":{"line":175,"column":4},"end":{"line":177,"column":5}},{"start":{},"end":{}}],"line":175},"12":{"loc":{"start":{"line":175,"column":8},"end":{"line":175,"column":85}},"type":"binary-expr","locations":[{"start":{"line":175,"column":8},"end":{"line":175,"column":45}},{"start":{"line":175,"column":49},"end":{"line":175,"column":85}}],"line":175},"13":{"loc":{"start":{"line":189,"column":4},"end":{"line":189,"column":74}},"type":"if","locations":[{"start":{"line":189,"column":4},"end":{"line":189,"column":74}},{"start":{},"end":{}}],"line":189},"14":{"loc":{"start":{"line":191,"column":4},"end":{"line":193,"column":5}},"type":"if","locations":[{"start":{"line":191,"column":4},"end":{"line":193,"column":5}},{"start":{},"end":{}}],"line":191},"15":{"loc":{"start":{"line":191,"column":8},"end":{"line":191,"column":65}},"type":"binary-expr","locations":[{"start":{"line":191,"column":8},"end":{"line":191,"column":36}},{"start":{"line":191,"column":40},"end":{"line":191,"column":65}}],"line":191},"16":{"loc":{"start":{"line":212,"column":4},"end":{"line":212,"column":74}},"type":"if","locations":[{"start":{"line":212,"column":4},"end":{"line":212,"column":74}},{"start":{},"end":{}}],"line":212},"17":{"loc":{"start":{"line":214,"column":4},"end":{"line":216,"column":5}},"type":"if","locations":[{"start":{"line":214,"column":4},"end":{"line":216,"column":5}},{"start":{},"end":{}}],"line":214},"18":{"loc":{"start":{"line":214,"column":8},"end":{"line":214,"column":65}},"type":"binary-expr","locations":[{"start":{"line":214,"column":8},"end":{"line":214,"column":36}},{"start":{"line":214,"column":40},"end":{"line":214,"column":65}}],"line":214},"19":{"loc":{"start":{"line":234,"column":4},"end":{"line":234,"column":74}},"type":"if","locations":[{"start":{"line":234,"column":4},"end":{"line":234,"column":74}},{"start":{},"end":{}}],"line":234},"20":{"loc":{"start":{"line":235,"column":4},"end":{"line":237,"column":5}},"type":"if","locations":[{"start":{"line":235,"column":4},"end":{"line":237,"column":5}},{"start":{},"end":{}}],"line":235},"21":{"loc":{"start":{"line":235,"column":8},"end":{"line":235,"column":65}},"type":"binary-expr","locations":[{"start":{"line":235,"column":8},"end":{"line":235,"column":36}},{"start":{"line":235,"column":40},"end":{"line":235,"column":65}}],"line":235},"22":{"loc":{"start":{"line":252,"column":4},"end":{"line":252,"column":74}},"type":"if","locations":[{"start":{"line":252,"column":4},"end":{"line":252,"column":74}},{"start":{},"end":{}}],"line":252},"23":{"loc":{"start":{"line":253,"column":4},"end":{"line":255,"column":5}},"type":"if","locations":[{"start":{"line":253,"column":4},"end":{"line":255,"column":5}},{"start":{},"end":{}}],"line":253},"24":{"loc":{"start":{"line":253,"column":8},"end":{"line":253,"column":65}},"type":"binary-expr","locations":[{"start":{"line":253,"column":8},"end":{"line":253,"column":36}},{"start":{"line":253,"column":40},"end":{"line":253,"column":65}}],"line":253},"25":{"loc":{"start":{"line":257,"column":13},"end":{"line":257,"column":57}},"type":"binary-expr","locations":[{"start":{"line":257,"column":13},"end":{"line":257,"column":20}},{"start":{"line":257,"column":24},"end":{"line":257,"column":57}}],"line":257},"26":{"loc":{"start":{"line":270,"column":4},"end":{"line":270,"column":74}},"type":"if","locations":[{"start":{"line":270,"column":4},"end":{"line":270,"column":74}},{"start":{},"end":{}}],"line":270},"27":{"loc":{"start":{"line":271,"column":4},"end":{"line":273,"column":5}},"type":"if","locations":[{"start":{"line":271,"column":4},"end":{"line":273,"column":5}},{"start":{},"end":{}}],"line":271},"28":{"loc":{"start":{"line":271,"column":8},"end":{"line":271,"column":65}},"type":"binary-expr","locations":[{"start":{"line":271,"column":8},"end":{"line":271,"column":36}},{"start":{"line":271,"column":40},"end":{"line":271,"column":65}}],"line":271},"29":{"loc":{"start":{"line":275,"column":13},"end":{"line":275,"column":57}},"type":"binary-expr","locations":[{"start":{"line":275,"column":13},"end":{"line":275,"column":20}},{"start":{"line":275,"column":24},"end":{"line":275,"column":57}}],"line":275},"30":{"loc":{"start":{"line":309,"column":0},"end":{"line":317,"column":1}},"type":"if","locations":[{"start":{"line":309,"column":0},"end":{"line":317,"column":1}},{"start":{},"end":{}}],"line":309}},"s":{"0":1,"1":1,"2":1,"3":1,"4":1,"5":1,"6":1,"7":1,"8":1,"9":1,"10":1,"11":1,"12":1,"13":1,"14":1,"15":1,"16":1,"17":1,"18":1,"19":1,"20":273,"21":273,"22":1,"23":1,"24":273,"25":273,"26":273,"27":0,"28":273,"29":273,"30":273,"31":0,"32":273,"33":1,"34":1,"35":1,"36":1,"37":1,"38":1,"39":1,"40":1,"41":0,"42":0,"43":0,"44":0,"45":1,"46":0,"47":0,"48":0,"49":0,"50":0,"51":0,"52":0,"53":0,"54":0,"55":0,"56":0,"57":0,"58":0,"59":0,"60":0,"61":1,"62":0,"63":0,"64":0,"65":0,"66":0,"67":0,"68":0,"69":0,"70":0,"71":0,"72":0,"73":0,"74":0,"75":0,"76":0,"77":0,"78":0,"79":0,"80":0,"81":0,"82":0,"83":0,"84":0,"85":0,"86":1,"87":2,"88":2,"89":2,"90":1,"91":1,"92":0,"93":1,"94":1,"95":1,"96":1,"97":0,"98":0,"99":1,"100":1,"101":1,"102":1,"103":0,"104":1,"105":0,"106":1,"107":1,"108":1,"109":0,"110":0,"111":1,"112":3,"113":3,"114":3,"115":1,"116":2,"117":1,"118":1,"119":1,"120":0,"121":1,"122":2,"123":2,"124":2,"125":0,"126":2,"127":1,"128":1,"129":1,"130":0,"131":1,"132":1,"133":1,"134":1,"135":0,"136":1,"137":0,"138":1,"139":1,"140":0,"141":1,"142":0,"143":0,"144":1,"145":0,"146":1,"147":0,"148":0,"149":0,"150":0,"151":0,"152":1},"f":{"0":273,"1":273,"2":0,"3":0,"4":0,"5":2,"6":1,"7":3,"8":2,"9":1,"10":0,"11":0,"12":0,"13":0},"b":{"0":[1,0],"1":[0,273],"2":[0,273],"3":[0,0],"4":[0,0],"5":[0,0,0],"6":[0,0],"7":[0,0,0,0,0,0,0,0],"8":[0,0],"9":[0,0],"10":[0,0],"11":[0,0],"12":[0,0],"13":[1,1],"14":[0,1],"15":[1,0],"16":[0,1],"17":[0,1],"18":[1,0],"19":[1,2],"20":[1,1],"21":[2,1],"22":[0,2],"23":[1,1],"24":[2,1],"25":[1,0],"26":[0,1],"27":[0,1],"28":[1,0],"29":[1,0],"30":[0,1]},"_coverageSchema":"1a1c01bbd47fc00a2c39e90264f33305004495a9","hash":"03b6b95039096068ad807f66b92ffbc33e87d725"}
,"F:\\WebFixer\\backend\\validation.js": {"path":"F:\\WebFixer\\backend\\validation.js","statementMap":{"0":{"start":{"line":1,"column":42},"end":{"line":1,"column":70}},"1":{"start":{"line":3,"column":29},"end":{"line":9,"column":1}},"2":{"start":{"line":4,"column":17},"end":{"line":4,"column":38}},"3":{"start":{"line":5,"column":2},"end":{"line":7,"column":3}},"4":{"start":{"line":6,"column":4},"end":{"line":6,"column":60}},"5":{"start":{"line":8,"column":2},"end":{"line":8,"column":9}},"6":{"start":{"line":11,"column":30},"end":{"line":27,"column":1}},"7":{"start":{"line":29,"column":23},"end":{"line":33,"column":1}},"8":{"start":{"line":35,"column":21},"end":{"line":41,"column":1}},"9":{"start":{"line":43,"column":0},"end":{"line":48,"column":2}}},"fnMap":{"0":{"name":"(anonymous_0)","decl":{"start":{"line":3,"column":29},"end":{"line":3,"column":30}},"loc":{"start":{"line":3,"column":49},"end":{"line":9,"column":1}},"line":3}},"branchMap":{"0":{"loc":{"start":{"line":5,"column":2},"end":{"line":7,"column":3}},"type":"if","locations":[{"start":{"line":5,"column":2},"end":{"line":7,"column":3}},{"start":{},"end":{}}],"line":5}},"s":{"0":1,"1":1,"2":213,"3":213,"4":3,"5":210,"6":1,"7":1,"8":1,"9":1},"f":{"0":213},"b":{"0":[3,210]},"_coverageSchema":"1a1c01bbd47fc00a2c39e90264f33305004495a9","hash":"29bd374aa467a3430a9327c4fb7b0ba71baea3db"}
,"F:\\WebFixer\\backend\\middleware\\auth.js": {"path":"F:\\WebFixer\\backend\\middleware\\auth.js","statementMap":{"0":{"start":{"line":1,"column":12},"end":{"line":1,"column":35}},"1":{"start":{"line":2,"column":13},"end":{"line":2,"column":38}},"2":{"start":{"line":3,"column":23},"end":{"line":3,"column":58}},"3":{"start":{"line":5,"column":19},"end":{"line":5,"column":41}},"4":{"start":{"line":6,"column":0},"end":{"line":6,"column":79}},"5":{"start":{"line":6,"column":17},"end":{"line":6,"column":79}},"6":{"start":{"line":12,"column":21},"end":{"line":12,"column":49}},"7":{"start":{"line":13,"column":16},"end":{"line":13,"column":54}},"8":{"start":{"line":15,"column":2},"end":{"line":17,"column":3}},"9":{"start":{"line":16,"column":4},"end":{"line":16,"column":64}},"10":{"start":{"line":19,"column":2},"end":{"line":31,"column":3}},"11":{"start":{"line":20,"column":17},"end":{"line":20,"column":46}},"12":{"start":{"line":22,"column":26},"end":{"line":22,"column":65}},"13":{"start":{"line":23,"column":4},"end":{"line":25,"column":5}},"14":{"start":{"line":24,"column":6},"end":{"line":24,"column":71}},"15":{"start":{"line":27,"column":4},"end":{"line":27,"column":20}},"16":{"start":{"line":28,"column":4},"end":{"line":28,"column":11}},"17":{"start":{"line":30,"column":4},"end":{"line":30,"column":85}},"18":{"start":{"line":39,"column":2},"end":{"line":41,"column":3}},"19":{"start":{"line":40,"column":4},"end":{"line":40,"column":69}},"20":{"start":{"line":42,"column":2},"end":{"line":42,"column":9}},"21":{"start":{"line":45,"column":0},"end":{"line":45,"column":42}}},"fnMap":{"0":{"name":"verifyToken","decl":{"start":{"line":11,"column":15},"end":{"line":11,"column":26}},"loc":{"start":{"line":11,"column":43},"end":{"line":32,"column":1}},"line":11},"1":{"name":"isAdmin","decl":{"start":{"line":38,"column":9},"end":{"line":38,"column":16}},"loc":{"start":{"line":38,"column":33},"end":{"line":43,"column":1}},"line":38}},"branchMap":{"0":{"loc":{"start":{"line":6,"column":0},"end":{"line":6,"column":79}},"type":"if","locations":[{"start":{"line":6,"column":0},"end":{"line":6,"column":79}},{"start":{},"end":{}}],"line":6},"1":{"loc":{"start":{"line":13,"column":16},"end":{"line":13,"column":54}},"type":"binary-expr","locations":[{"start":{"line":13,"column":16},"end":{"line":13,"column":26}},{"start":{"line":13,"column":30},"end":{"line":13,"column":54}}],"line":13},"2":{"loc":{"start":{"line":15,"column":2},"end":{"line":17,"column":3}},"type":"if","locations":[{"start":{"line":15,"column":2},"end":{"line":17,"column":3}},{"start":{},"end":{}}],"line":15},"3":{"loc":{"start":{"line":23,"column":4},"end":{"line":25,"column":5}},"type":"if","locations":[{"start":{"line":23,"column":4},"end":{"line":25,"column":5}},{"start":{},"end":{}}],"line":23},"4":{"loc":{"start":{"line":39,"column":2},"end":{"line":41,"column":3}},"type":"if","locations":[{"start":{"line":39,"column":2},"end":{"line":41,"column":3}},{"start":{},"end":{}}],"line":39},"5":{"loc":{"start":{"line":39,"column":6},"end":{"line":39,"column":44}},"type":"binary-expr","locations":[{"start":{"line":39,"column":6},"end":{"line":39,"column":15}},{"start":{"line":39,"column":19},"end":{"line":39,"column":44}}],"line":39}},"s":{"0":1,"1":1,"2":1,"3":1,"4":1,"5":0,"6":49,"7":49,"8":49,"9":5,"10":44,"11":44,"12":44,"13":44,"14":1,"15":43,"16":43,"17":0,"18":11,"19":4,"20":7,"21":1},"f":{"0":49,"1":11},"b":{"0":[0,1],"1":[49,44],"2":[5,44],"3":[1,43],"4":[4,7],"5":[11,11]},"_coverageSchema":"1a1c01bbd47fc00a2c39e90264f33305004495a9","hash":"4b83ace70437f0d94971d710784ef089f4cb15fa"}
,"F:\\WebFixer\\backend\\middleware\\rateLimiter.js": {"path":"F:\\WebFixer\\backend\\middleware\\rateLimiter.js","statementMap":{"0":{"start":{"line":1,"column":18},"end":{"line":1,"column":47}},"1":{"start":{"line":2,"column":19},"end":{"line":2,"column":46}},"2":{"start":{"line":3,"column":14},"end":{"line":3,"column":30}},"3":{"start":{"line":4,"column":15},"end":{"line":4,"column":35}},"4":{"start":{"line":8,"column":0},"end":{"line":27,"column":1}},"5":{"start":{"line":9,"column":17},"end":{"line":11,"column":4}},"6":{"start":{"line":13,"column":2},"end":{"line":15,"column":5}},"7":{"start":{"line":14,"column":4},"end":{"line":14,"column":49}},"8":{"start":{"line":17,"column":2},"end":{"line":20,"column":5}},"9":{"start":{"line":18,"column":30},"end":{"line":18,"column":54}},"10":{"start":{"line":22,"column":2},"end":{"line":22,"column":53}},"11":{"start":{"line":25,"column":2},"end":{"line":25,"column":20}},"12":{"start":{"line":26,"column":2},"end":{"line":26,"column":78}},"13":{"start":{"line":29,"column":15},"end":{"line":29,"column":46}},"14":{"start":{"line":31,"column":19},"end":{"line":38,"column":2}},"15":{"start":{"line":40,"column":20},"end":{"line":46,"column":2}},"16":{"start":{"line":48,"column":21},"end":{"line":53,"column":2}},"17":{"start":{"line":55,"column":0},"end":{"line":59,"column":2}}},"fnMap":{"0":{"name":"(anonymous_0)","decl":{"start":{"line":13,"column":25},"end":{"line":13,"column":26}},"loc":{"start":{"line":13,"column":32},"end":{"line":15,"column":3}},"line":13},"1":{"name":"(anonymous_1)","decl":{"start":{"line":18,"column":17},"end":{"line":18,"column":18}},"loc":{"start":{"line":18,"column":30},"end":{"line":18,"column":54}},"line":18}},"branchMap":{"0":{"loc":{"start":{"line":8,"column":0},"end":{"line":27,"column":1}},"type":"if","locations":[{"start":{"line":8,"column":0},"end":{"line":27,"column":1}},{"start":{"line":23,"column":7},"end":{"line":27,"column":1}}],"line":8},"1":{"loc":{"start":{"line":34,"column":7},"end":{"line":34,"column":26}},"type":"cond-expr","locations":[{"start":{"line":34,"column":16},"end":{"line":34,"column":20}},{"start":{"line":34,"column":23},"end":{"line":34,"column":26}}],"line":34},"2":{"loc":{"start":{"line":43,"column":7},"end":{"line":43,"column":24}},"type":"cond-expr","locations":[{"start":{"line":43,"column":16},"end":{"line":43,"column":19}},{"start":{"line":43,"column":22},"end":{"line":43,"column":24}}],"line":43},"3":{"loc":{"start":{"line":51,"column":7},"end":{"line":51,"column":23}},"type":"cond-expr","locations":[{"start":{"line":51,"column":16},"end":{"line":51,"column":19}},{"start":{"line":51,"column":22},"end":{"line":51,"column":23}}],"line":51}},"s":{"0":1,"1":1,"2":1,"3":1,"4":1,"5":0,"6":0,"7":0,"8":0,"9":0,"10":0,"11":1,"12":1,"13":1,"14":1,"15":1,"16":1,"17":1},"f":{"0":0,"1":0},"b":{"0":[0,1],"1":[1,0],"2":[1,0],"3":[1,0]},"_coverageSchema":"1a1c01bbd47fc00a2c39e90264f33305004495a9","hash":"23e69711ebbb6a432297b32e8d84b334224cb94c"}
,"F:\\WebFixer\\backend\\models\\ActivityLog.js": {"path":"F:\\WebFixer\\backend\\models\\ActivityLog.js","statementMap":{"0":{"start":{"line":1,"column":17},"end":{"line":1,"column":36}},"1":{"start":{"line":2,"column":15},"end":{"line":8,"column":2}},"2":{"start":{"line":3,"column":51},"end":{"line":3,"column":72}},"3":{"start":{"line":9,"column":0},"end":{"line":9,"column":55}}},"fnMap":{"0":{"name":"(anonymous_0)","decl":{"start":{"line":3,"column":45},"end":{"line":3,"column":46}},"loc":{"start":{"line":3,"column":51},"end":{"line":3,"column":72}},"line":3}},"branchMap":{},"s":{"0":1,"1":1,"2":58,"3":1},"f":{"0":58},"b":{},"_coverageSchema":"1a1c01bbd47fc00a2c39e90264f33305004495a9","hash":"8e086d77c774e6bd90b161de390cc6120a7ed1e3"}
,"F:\\WebFixer\\backend\\models\\Audit.js": {"path":"F:\\WebFixer\\backend\\models\\Audit.js","statementMap":{"0":{"start":{"line":1,"column":17},"end":{"line":1,"column":36}},"1":{"start":{"line":3,"column":20},"end":{"line":38,"column":2}},"2":{"start":{"line":4,"column":51},"end":{"line":4,"column":72}},"3":{"start":{"line":35,"column":19},"end":{"line":35,"column":66}},"4":{"start":{"line":40,"column":0},"end":{"line":40,"column":48}},"5":{"start":{"line":42,"column":0},"end":{"line":46,"column":2}},"6":{"start":{"line":43,"column":20},"end":{"line":43,"column":35}},"7":{"start":{"line":44,"column":2},"end":{"line":44,"column":78}},"8":{"start":{"line":45,"column":2},"end":{"line":45,"column":12}},"9":{"start":{"line":48,"column":0},"end":{"line":50,"column":2}},"10":{"start":{"line":49,"column":2},"end":{"line":49,"column":43}},"11":{"start":{"line":52,"column":0},"end":{"line":61,"column":2}},"12":{"start":{"line":53,"column":15},"end":{"line":53,"column":33}},"13":{"start":{"line":54,"column":16},"end":{"line":54,"column":53}},"14":{"start":{"line":55,"column":17},"end":{"line":59,"column":11}},"15":{"start":{"line":60,"column":2},"end":{"line":60,"column":66}},"16":{"start":{"line":63,"column":0},"end":{"line":65,"column":2}},"17":{"start":{"line":64,"column":2},"end":{"line":64,"column":38}},"18":{"start":{"line":67,"column":0},"end":{"line":69,"column":2}},"19":{"start":{"line":68,"column":2},"end":{"line":68,"column":36}},"20":{"start":{"line":71,"column":0},"end":{"line":77,"column":2}},"21":{"start":{"line":72,"column":2},"end":{"line":76,"column":11}},"22":{"start":{"line":79,"column":14},"end":{"line":79,"column":50}},"23":{"start":{"line":80,"column":0},"end":{"line":80,"column":23}}},"fnMap":{"0":{"name":"(anonymous_0)","decl":{"start":{"line":4,"column":45},"end":{"line":4,"column":46}},"loc":{"start":{"line":4,"column":51},"end":{"line":4,"column":72}},"line":4},"1":{"name":"(anonymous_1)","decl":{"start":{"line":35,"column":13},"end":{"line":35,"column":14}},"loc":{"start":{"line":35,"column":19},"end":{"line":35,"column":66}},"line":35},"2":{"name":"(anonymous_2)","decl":{"start":{"line":42,"column":32},"end":{"line":42,"column":33}},"loc":{"start":{"line":42,"column":57},"end":{"line":46,"column":1}},"line":42},"3":{"name":"(anonymous_3)","decl":{"start":{"line":48,"column":26},"end":{"line":48,"column":27}},"loc":{"start":{"line":48,"column":45},"end":{"line":50,"column":1}},"line":48},"4":{"name":"(anonymous_4)","decl":{"start":{"line":52,"column":34},"end":{"line":52,"column":35}},"loc":{"start":{"line":52,"column":79},"end":{"line":61,"column":1}},"line":52},"5":{"name":"(anonymous_5)","decl":{"start":{"line":63,"column":29},"end":{"line":63,"column":30}},"loc":{"start":{"line":63,"column":48},"end":{"line":65,"column":1}},"line":63},"6":{"name":"(anonymous_6)","decl":{"start":{"line":67,"column":29},"end":{"line":67,"column":30}},"loc":{"start":{"line":67,"column":46},"end":{"line":69,"column":1}},"line":67},"7":{"name":"(anonymous_7)","decl":{"start":{"line":71,"column":39},"end":{"line":71,"column":40}},"loc":{"start":{"line":71,"column":81},"end":{"line":77,"column":1}},"line":71}},"branchMap":{"0":{"loc":{"start":{"line":52,"column":57},"end":{"line":52,"column":65}},"type":"default-arg","locations":[{"start":{"line":52,"column":64},"end":{"line":52,"column":65}}],"line":52},"1":{"loc":{"start":{"line":52,"column":67},"end":{"line":52,"column":77}},"type":"default-arg","locations":[{"start":{"line":52,"column":75},"end":{"line":52,"column":77}}],"line":52}},"s":{"0":1,"1":1,"2":9,"3":9,"4":1,"5":1,"6":9,"7":9,"8":9,"9":1,"10":24,"11":1,"12":0,"13":0,"14":0,"15":0,"16":1,"17":1,"18":1,"19":1,"20":1,"21":2,"22":1,"23":1},"f":{"0":9,"1":9,"2":9,"3":24,"4":0,"5":1,"6":1,"7":2},"b":{"0":[0],"1":[0]},"_coverageSchema":"1a1c01bbd47fc00a2c39e90264f33305004495a9","hash":"e09c0e7fad4a30822feb72755bf073293efa4a30"}
,"F:\\WebFixer\\backend\\models\\Download.js": {"path":"F:\\WebFixer\\backend\\models\\Download.js","statementMap":{"0":{"start":{"line":1,"column":17},"end":{"line":1,"column":36}},"1":{"start":{"line":2,"column":15},"end":{"line":7,"column":2}},"2":{"start":{"line":3,"column":51},"end":{"line":3,"column":72}},"3":{"start":{"line":8,"column":0},"end":{"line":8,"column":52}}},"fnMap":{"0":{"name":"(anonymous_0)","decl":{"start":{"line":3,"column":45},"end":{"line":3,"column":46}},"loc":{"start":{"line":3,"column":51},"end":{"line":3,"column":72}},"line":3}},"branchMap":{},"s":{"0":1,"1":1,"2":0,"3":1},"f":{"0":0},"b":{},"_coverageSchema":"1a1c01bbd47fc00a2c39e90264f33305004495a9","hash":"80095aaa0cb45a65425e8690e4e42db3024b634a"}
,"F:\\WebFixer\\backend\\models\\Payment.js": {"path":"F:\\WebFixer\\backend\\models\\Payment.js","statementMap":{"0":{"start":{"line":1,"column":17},"end":{"line":1,"column":36}},"1":{"start":{"line":2,"column":15},"end":{"line":9,"column":2}},"2":{"start":{"line":3,"column":51},"end":{"line":3,"column":72}},"3":{"start":{"line":10,"column":0},"end":{"line":10,"column":51}}},"fnMap":{"0":{"name":"(anonymous_0)","decl":{"start":{"line":3,"column":45},"end":{"line":3,"column":46}},"loc":{"start":{"line":3,"column":51},"end":{"line":3,"column":72}},"line":3}},"branchMap":{},"s":{"0":1,"1":1,"2":1,"3":1},"f":{"0":1},"b":{},"_coverageSchema":"1a1c01bbd47fc00a2c39e90264f33305004495a9","hash":"10f8df2421ab01e5da372204deb5a0bcdfb87432"}
,"F:\\WebFixer\\backend\\models\\RefreshToken.js": {"path":"F:\\WebFixer\\backend\\models\\RefreshToken.js","statementMap":{"0":{"start":{"line":1,"column":17},"end":{"line":1,"column":36}},"1":{"start":{"line":2,"column":15},"end":{"line":6,"column":2}},"2":{"start":{"line":7,"column":0},"end":{"line":7,"column":56}}},"fnMap":{},"branchMap":{},"s":{"0":1,"1":1,"2":1},"f":{},"b":{},"_coverageSchema":"1a1c01bbd47fc00a2c39e90264f33305004495a9","hash":"eab8463e3ac6ddc08eafccc49d9309faa07651f0"}
,"F:\\WebFixer\\backend\\models\\Template.js": {"path":"F:\\WebFixer\\backend\\models\\Template.js","statementMap":{"0":{"start":{"line":1,"column":17},"end":{"line":1,"column":36}},"1":{"start":{"line":3,"column":23},"end":{"line":17,"column":2}},"2":{"start":{"line":4,"column":51},"end":{"line":4,"column":72}},"3":{"start":{"line":19,"column":0},"end":{"line":23,"column":2}},"4":{"start":{"line":20,"column":22},"end":{"line":20,"column":44}},"5":{"start":{"line":21,"column":2},"end":{"line":21,"column":27}},"6":{"start":{"line":22,"column":2},"end":{"line":22,"column":32}},"7":{"start":{"line":25,"column":0},"end":{"line":27,"column":2}},"8":{"start":{"line":26,"column":2},"end":{"line":26,"column":60}},"9":{"start":{"line":29,"column":0},"end":{"line":31,"column":2}},"10":{"start":{"line":30,"column":2},"end":{"line":30,"column":80}},"11":{"start":{"line":33,"column":0},"end":{"line":35,"column":2}},"12":{"start":{"line":34,"column":2},"end":{"line":34,"column":43}},"13":{"start":{"line":37,"column":0},"end":{"line":39,"column":2}},"14":{"start":{"line":38,"column":2},"end":{"line":38,"column":38}},"15":{"start":{"line":41,"column":17},"end":{"line":41,"column":59}},"16":{"start":{"line":42,"column":0},"end":{"line":42,"column":26}}},"fnMap":{"0":{"name":"(anonymous_0)","decl":{"start":{"line":4,"column":45},"end":{"line":4,"column":46}},"loc":{"start":{"line":4,"column":51},"end":{"line":4,"column":72}},"line":4},"1":{"name":"(anonymous_1)","decl":{"start":{"line":19,"column":29},"end":{"line":19,"column":30}},"loc":{"start":{"line":19,"column":58},"end":{"line":23,"column":1}},"line":19},"2":{"name":"(anonymous_2)","decl":{"start":{"line":25,"column":32},"end":{"line":25,"column":33}},"loc":{"start":{"line":25,"column":49},"end":{"line":27,"column":1}},"line":25},"3":{"name":"(anonymous_3)","decl":{"start":{"line":29,"column":41},"end":{"line":29,"column":42}},"loc":{"start":{"line":29,"column":58},"end":{"line":31,"column":1}},"line":29},"4":{"name":"(anonymous_4)","decl":{"start":{"line":33,"column":34},"end":{"line":33,"column":35}},"loc":{"start":{"line":33,"column":53},"end":{"line":35,"column":1}},"line":33},"5":{"name":"(anonymous_5)","decl":{"start":{"line":37,"column":36},"end":{"line":37,"column":37}},"loc":{"start":{"line":37,"column":55},"end":{"line":39,"column":1}},"line":37}},"branchMap":{},"s":{"0":1,"1":1,"2":7,"3":1,"4":7,"5":7,"6":7,"7":1,"8":1,"9":1,"10":2,"11":1,"12":2,"13":1,"14":0,"15":1,"16":1},"f":{"0":7,"1":7,"2":1,"3":2,"4":2,"5":0},"b":{},"_coverageSchema":"1a1c01bbd47fc00a2c39e90264f33305004495a9","hash":"726b960f1ac379b5be2c2c1db9e65d4929f9c3bc"}
,"F:\\WebFixer\\backend\\models\\TokenBlacklist.js": {"path":"F:\\WebFixer\\backend\\models\\TokenBlacklist.js","statementMap":{"0":{"start":{"line":1,"column":17},"end":{"line":1,"column":36}},"1":{"start":{"line":2,"column":15},"end":{"line":5,"column":2}},"2":{"start":{"line":6,"column":23},"end":{"line":6,"column":63}},"3":{"start":{"line":7,"column":0},"end":{"line":7,"column":32}}},"fnMap":{},"branchMap":{},"s":{"0":1,"1":1,"2":1,"3":1},"f":{},"b":{},"_coverageSchema":"1a1c01bbd47fc00a2c39e90264f33305004495a9","hash":"eaa78fee6dd3287da69fa1b1b7743bf80d1dc784"}
,"F:\\WebFixer\\backend\\models\\User.js": {"path":"F:\\WebFixer\\backend\\models\\User.js","statementMap":{"0":{"start":{"line":1,"column":17},"end":{"line":1,"column":36}},"1":{"start":{"line":2,"column":15},"end":{"line":2,"column":34}},"2":{"start":{"line":3,"column":15},"end":{"line":3,"column":32}},"3":{"start":{"line":5,"column":19},"end":{"line":23,"column":2}},"4":{"start":{"line":6,"column":51},"end":{"line":6,"column":70}},"5":{"start":{"line":26,"column":0},"end":{"line":30,"column":2}},"6":{"start":{"line":27,"column":14},"end":{"line":27,"column":29}},"7":{"start":{"line":28,"column":2},"end":{"line":28,"column":22}},"8":{"start":{"line":29,"column":2},"end":{"line":29,"column":13}},"9":{"start":{"line":32,"column":0},"end":{"line":34,"column":2}},"10":{"start":{"line":33,"column":2},"end":{"line":33,"column":33}},"11":{"start":{"line":36,"column":0},"end":{"line":38,"column":2}},"12":{"start":{"line":37,"column":2},"end":{"line":37,"column":40}},"13":{"start":{"line":40,"column":0},"end":{"line":42,"column":2}},"14":{"start":{"line":41,"column":2},"end":{"line":41,"column":30}},"15":{"start":{"line":44,"column":0},"end":{"line":46,"column":2}},"16":{"start":{"line":45,"column":2},"end":{"line":45,"column":43}},"17":{"start":{"line":48,"column":0},"end":{"line":53,"column":2}},"18":{"start":{"line":49,"column":18},"end":{"line":49,"column":20}},"19":{"start":{"line":50,"column":2},"end":{"line":50,"column":42}},"20":{"start":{"line":50,"column":17},"end":{"line":50,"column":42}},"21":{"start":{"line":51,"column":2},"end":{"line":51,"column":51}},"22":{"start":{"line":51,"column":20},"end":{"line":51,"column":51}},"23":{"start":{"line":52,"column":2},"end":{"line":52,"column":63}},"24":{"start":{"line":55,"column":0},"end":{"line":57,"column":2}},"25":{"start":{"line":56,"column":2},"end":{"line":56,"column":32}},"26":{"start":{"line":59,"column":13},"end":{"line":59,"column":47}},"27":{"start":{"line":61,"column":0},"end":{"line":61,"column":22}}},"fnMap":{"0":{"name":"(anonymous_0)","decl":{"start":{"line":6,"column":45},"end":{"line":6,"column":46}},"loc":{"start":{"line":6,"column":51},"end":{"line":6,"column":70}},"line":6},"1":{"name":"(anonymous_1)","decl":{"start":{"line":26,"column":28},"end":{"line":26,"column":29}},"loc":{"start":{"line":26,"column":39},"end":{"line":30,"column":1}},"line":26},"2":{"name":"(anonymous_2)","decl":{"start":{"line":32,"column":33},"end":{"line":32,"column":34}},"loc":{"start":{"line":32,"column":49},"end":{"line":34,"column":1}},"line":32},"3":{"name":"(anonymous_3)","decl":{"start":{"line":36,"column":37},"end":{"line":36,"column":38}},"loc":{"start":{"line":36,"column":53},"end":{"line":38,"column":1}},"line":36},"4":{"name":"(anonymous_4)","decl":{"start":{"line":40,"column":30},"end":{"line":40,"column":31}},"loc":{"start":{"line":40,"column":43},"end":{"line":42,"column":1}},"line":40},"5":{"name":"(anonymous_5)","decl":{"start":{"line":44,"column":29},"end":{"line":44,"column":30}},"loc":{"start":{"line":44,"column":40},"end":{"line":46,"column":1}},"line":44},"6":{"name":"(anonymous_6)","decl":{"start":{"line":48,"column":35},"end":{"line":48,"column":36}},"loc":{"start":{"line":48,"column":54},"end":{"line":53,"column":1}},"line":48},"7":{"name":"(anonymous_7)","decl":{"start":{"line":55,"column":32},"end":{"line":55,"column":33}},"loc":{"start":{"line":55,"column":45},"end":{"line":57,"column":1}},"line":55}},"branchMap":{"0":{"loc":{"start":{"line":50,"column":2},"end":{"line":50,"column":42}},"type":"if","locations":[{"start":{"line":50,"column":2},"end":{"line":50,"column":42}},{"start":{},"end":{}}],"line":50},"1":{"loc":{"start":{"line":51,"column":2},"end":{"line":51,"column":51}},"type":"if","locations":[{"start":{"line":51,"column":2},"end":{"line":51,"column":51}},{"start":{},"end":{}}],"line":51}},"s":{"0":1,"1":1,"2":1,"3":1,"4":61,"5":1,"6":67,"7":67,"8":67,"9":1,"10":221,"11":1,"12":0,"13":1,"14":20,"15":1,"16":1,"17":1,"18":1,"19":1,"20":1,"21":1,"22":0,"23":1,"24":1,"25":2,"26":1,"27":1},"f":{"0":61,"1":67,"2":221,"3":0,"4":20,"5":1,"6":1,"7":2},"b":{"0":[1,0],"1":[0,1]},"_coverageSchema":"1a1c01bbd47fc00a2c39e90264f33305004495a9","hash":"341f928f7db1e50e9a390967111716bcaaa30ab5"}
,"F:\\WebFixer\\backend\\routes\\admin.js": {"path":"F:\\WebFixer\\backend\\routes\\admin.js","statementMap":{"0":{"start":{"line":1,"column":16},"end":{"line":1,"column":34}},"1":{"start":{"line":2,"column":13},"end":{"line":2,"column":38}},"2":{"start":{"line":3,"column":14},"end":{"line":3,"column":40}},"3":{"start":{"line":4,"column":17},"end":{"line":4,"column":46}},"4":{"start":{"line":5,"column":17},"end":{"line":5,"column":46}},"5":{"start":{"line":6,"column":16},"end":{"line":6,"column":44}},"6":{"start":{"line":7,"column":33},"end":{"line":7,"column":62}},"7":{"start":{"line":9,"column":15},"end":{"line":9,"column":31}},"8":{"start":{"line":15,"column":0},"end":{"line":34,"column":3}},"9":{"start":{"line":16,"column":2},"end":{"line":33,"column":3}},"10":{"start":{"line":17,"column":18},"end":{"line":17,"column":38}},"11":{"start":{"line":18,"column":19},"end":{"line":18,"column":39}},"12":{"start":{"line":19,"column":22},"end":{"line":19,"column":45}},"13":{"start":{"line":20,"column":22},"end":{"line":20,"column":53}},"14":{"start":{"line":21,"column":21},"end":{"line":21,"column":64}},"15":{"start":{"line":22,"column":25},"end":{"line":22,"column":71}},"16":{"start":{"line":22,"column":53},"end":{"line":22,"column":67}},"17":{"start":{"line":24,"column":4},"end":{"line":30,"column":7}},"18":{"start":{"line":32,"column":4},"end":{"line":32,"column":65}},"19":{"start":{"line":40,"column":0},"end":{"line":52,"column":3}},"20":{"start":{"line":41,"column":2},"end":{"line":51,"column":3}},"21":{"start":{"line":42,"column":4},"end":{"line":42,"column":41}},"22":{"start":{"line":45,"column":21},"end":{"line":45,"column":40}},"23":{"start":{"line":46,"column":4},"end":{"line":46,"column":72}},"24":{"start":{"line":48,"column":4},"end":{"line":48,"column":55}},"25":{"start":{"line":50,"column":4},"end":{"line":50,"column":61}},"26":{"start":{"line":58,"column":0},"end":{"line":79,"column":3}},"27":{"start":{"line":59,"column":2},"end":{"line":78,"column":3}},"28":{"start":{"line":60,"column":17},"end":{"line":60,"column":51}},"29":{"start":{"line":61,"column":4},"end":{"line":63,"column":5}},"30":{"start":{"line":62,"column":6},"end":{"line":62,"column":63}},"31":{"start":{"line":66,"column":21},"end":{"line":66,"column":40}},"32":{"start":{"line":67,"column":22},"end":{"line":67,"column":44}},"33":{"start":{"line":69,"column":24},"end":{"line":73,"column":5}},"34":{"start":{"line":75,"column":4},"end":{"line":75,"column":68}},"35":{"start":{"line":77,"column":4},"end":{"line":77,"column":68}},"36":{"start":{"line":81,"column":20},"end":{"line":81,"column":52}},"37":{"start":{"line":82,"column":0},"end":{"line":95,"column":3}},"38":{"start":{"line":83,"column":2},"end":{"line":94,"column":3}},"39":{"start":{"line":84,"column":17},"end":{"line":84,"column":46}},"40":{"start":{"line":85,"column":18},"end":{"line":85,"column":20}},"41":{"start":{"line":86,"column":17},"end":{"line":90,"column":13}},"42":{"start":{"line":91,"column":4},"end":{"line":91,"column":19}},"43":{"start":{"line":93,"column":4},"end":{"line":93,"column":69}},"44":{"start":{"line":97,"column":0},"end":{"line":97,"column":24}}},"fnMap":{"0":{"name":"(anonymous_0)","decl":{"start":{"line":15,"column":47},"end":{"line":15,"column":48}},"loc":{"start":{"line":15,"column":67},"end":{"line":34,"column":1}},"line":15},"1":{"name":"(anonymous_1)","decl":{"start":{"line":22,"column":41},"end":{"line":22,"column":42}},"loc":{"start":{"line":22,"column":53},"end":{"line":22,"column":67}},"line":22},"2":{"name":"(anonymous_2)","decl":{"start":{"line":40,"column":50},"end":{"line":40,"column":51}},"loc":{"start":{"line":40,"column":70},"end":{"line":52,"column":1}},"line":40},"3":{"name":"(anonymous_3)","decl":{"start":{"line":58,"column":55},"end":{"line":58,"column":56}},"loc":{"start":{"line":58,"column":75},"end":{"line":79,"column":1}},"line":58},"4":{"name":"(anonymous_4)","decl":{"start":{"line":82,"column":42},"end":{"line":82,"column":43}},"loc":{"start":{"line":82,"column":62},"end":{"line":95,"column":1}},"line":82}},"branchMap":{"0":{"loc":{"start":{"line":61,"column":4},"end":{"line":63,"column":5}},"type":"if","locations":[{"start":{"line":61,"column":4},"end":{"line":63,"column":5}},{"start":{},"end":{}}],"line":61},"1":{"loc":{"start":{"line":84,"column":17},"end":{"line":84,"column":46}},"type":"binary-expr","locations":[{"start":{"line":84,"column":17},"end":{"line":84,"column":41}},{"start":{"line":84,"column":45},"end":{"line":84,"column":46}}],"line":84}},"s":{"0":1,"1":1,"2":1,"3":1,"4":1,"5":1,"6":1,"7":1,"8":1,"9":1,"10":1,"11":1,"12":1,"13":1,"14":1,"15":1,"16":0,"17":1,"18":0,"19":1,"20":1,"21":1,"22":1,"23":1,"24":1,"25":0,"26":1,"27":4,"28":4,"29":4,"30":0,"31":4,"32":4,"33":4,"34":4,"35":0,"36":1,"37":1,"38":1,"39":1,"40":1,"41":1,"42":1,"43":0,"44":1},"f":{"0":1,"1":0,"2":1,"3":4,"4":1},"b":{"0":[0,4],"1":[1,1]},"_coverageSchema":"1a1c01bbd47fc00a2c39e90264f33305004495a9","hash":"94b8f899e18b8f6015ac64c492e7c71b350946c0"}
,"F:\\WebFixer\\backend\\routes\\auth.js": {"path":"F:\\WebFixer\\backend\\routes\\auth.js","statementMap":{"0":{"start":{"line":1,"column":16},"end":{"line":1,"column":34}},"1":{"start":{"line":2,"column":15},"end":{"line":2,"column":34}},"2":{"start":{"line":3,"column":12},"end":{"line":3,"column":35}},"3":{"start":{"line":4,"column":13},"end":{"line":4,"column":38}},"4":{"start":{"line":5,"column":23},"end":{"line":5,"column":58}},"5":{"start":{"line":6,"column":21},"end":{"line":6,"column":54}},"6":{"start":{"line":7,"column":15},"end":{"line":7,"column":32}},"7":{"start":{"line":8,"column":16},"end":{"line":8,"column":53}},"8":{"start":{"line":9,"column":58},"end":{"line":9,"column":93}},"9":{"start":{"line":10,"column":50},"end":{"line":10,"column":74}},"10":{"start":{"line":11,"column":24},"end":{"line":11,"column":53}},"11":{"start":{"line":13,"column":15},"end":{"line":13,"column":31}},"12":{"start":{"line":14,"column":19},"end":{"line":14,"column":41}},"13":{"start":{"line":15,"column":0},"end":{"line":15,"column":79}},"14":{"start":{"line":15,"column":17},"end":{"line":15,"column":79}},"15":{"start":{"line":20,"column":0},"end":{"line":50,"column":3}},"16":{"start":{"line":21,"column":36},"end":{"line":21,"column":44}},"17":{"start":{"line":23,"column":2},"end":{"line":49,"column":3}},"18":{"start":{"line":24,"column":25},"end":{"line":24,"column":54}},"19":{"start":{"line":25,"column":4},"end":{"line":27,"column":5}},"20":{"start":{"line":26,"column":6},"end":{"line":26,"column":68}},"21":{"start":{"line":29,"column":27},"end":{"line":29,"column":58}},"22":{"start":{"line":30,"column":16},"end":{"line":30,"column":59}},"23":{"start":{"line":31,"column":20},"end":{"line":38,"column":5}},"24":{"start":{"line":40,"column":24},"end":{"line":40,"column":50}},"25":{"start":{"line":43,"column":4},"end":{"line":43,"column":104}},"26":{"start":{"line":43,"column":49},"end":{"line":43,"column":102}},"27":{"start":{"line":45,"column":4},"end":{"line":45,"column":76}},"28":{"start":{"line":47,"column":4},"end":{"line":47,"column":54}},"29":{"start":{"line":48,"column":4},"end":{"line":48,"column":59}},"30":{"start":{"line":55,"column":0},"end":{"line":97,"column":3}},"31":{"start":{"line":56,"column":30},"end":{"line":56,"column":38}},"32":{"start":{"line":58,"column":2},"end":{"line":96,"column":3}},"33":{"start":{"line":59,"column":17},"end":{"line":59,"column":46}},"34":{"start":{"line":60,"column":4},"end":{"line":62,"column":5}},"35":{"start":{"line":61,"column":6},"end":{"line":61,"column":68}},"36":{"start":{"line":64,"column":20},"end":{"line":64,"column":65}},"37":{"start":{"line":65,"column":4},"end":{"line":67,"column":5}},"38":{"start":{"line":66,"column":6},"end":{"line":66,"column":68}},"39":{"start":{"line":69,"column":4},"end":{"line":71,"column":5}},"40":{"start":{"line":70,"column":6},"end":{"line":70,"column":87}},"41":{"start":{"line":73,"column":18},"end":{"line":75,"column":6}},"42":{"start":{"line":77,"column":25},"end":{"line":77,"column":63}},"43":{"start":{"line":78,"column":24},"end":{"line":82,"column":6}},"44":{"start":{"line":84,"column":4},"end":{"line":84,"column":32}},"45":{"start":{"line":85,"column":4},"end":{"line":90,"column":5}},"46":{"start":{"line":86,"column":6},"end":{"line":86,"column":24}},"47":{"start":{"line":88,"column":6},"end":{"line":88,"column":61}},"48":{"start":{"line":89,"column":6},"end":{"line":89,"column":20}},"49":{"start":{"line":92,"column":4},"end":{"line":92,"column":42}},"50":{"start":{"line":93,"column":4},"end":{"line":93,"column":67}},"51":{"start":{"line":95,"column":4},"end":{"line":95,"column":52}},"52":{"start":{"line":103,"column":0},"end":{"line":119,"column":3}},"53":{"start":{"line":104,"column":2},"end":{"line":118,"column":3}},"54":{"start":{"line":105,"column":23},"end":{"line":105,"column":48}},"55":{"start":{"line":106,"column":18},"end":{"line":106,"column":56}},"56":{"start":{"line":107,"column":4},"end":{"line":113,"column":5}},"57":{"start":{"line":108,"column":22},"end":{"line":108,"column":39}},"58":{"start":{"line":109,"column":6},"end":{"line":112,"column":7}},"59":{"start":{"line":110,"column":26},"end":{"line":110,"column":54}},"60":{"start":{"line":111,"column":8},"end":{"line":111,"column":58}},"61":{"start":{"line":114,"column":4},"end":{"line":114,"column":31}},"62":{"start":{"line":115,"column":4},"end":{"line":115,"column":53}},"63":{"start":{"line":117,"column":4},"end":{"line":117,"column":53}},"64":{"start":{"line":125,"column":0},"end":{"line":151,"column":3}},"65":{"start":{"line":126,"column":20},"end":{"line":126,"column":28}},"66":{"start":{"line":128,"column":2},"end":{"line":130,"column":3}},"67":{"start":{"line":129,"column":4},"end":{"line":129,"column":61}},"68":{"start":{"line":132,"column":2},"end":{"line":150,"column":3}},"69":{"start":{"line":133,"column":17},"end":{"line":133,"column":46}},"70":{"start":{"line":134,"column":4},"end":{"line":137,"column":5}},"71":{"start":{"line":136,"column":6},"end":{"line":136,"column":88}},"72":{"start":{"line":139,"column":16},"end":{"line":139,"column":59}},"73":{"start":{"line":140,"column":4},"end":{"line":140,"column":32}},"74":{"start":{"line":141,"column":4},"end":{"line":141,"column":60}},"75":{"start":{"line":142,"column":4},"end":{"line":142,"column":22}},"76":{"start":{"line":144,"column":4},"end":{"line":144,"column":45}},"77":{"start":{"line":146,"column":4},"end":{"line":146,"column":79}},"78":{"start":{"line":148,"column":4},"end":{"line":148,"column":49}},"79":{"start":{"line":149,"column":4},"end":{"line":149,"column":65}},"80":{"start":{"line":157,"column":0},"end":{"line":184,"column":3}},"81":{"start":{"line":158,"column":38},"end":{"line":158,"column":46}},"82":{"start":{"line":160,"column":2},"end":{"line":162,"column":3}},"83":{"start":{"line":161,"column":4},"end":{"line":161,"column":84}},"84":{"start":{"line":164,"column":2},"end":{"line":183,"column":3}},"85":{"start":{"line":165,"column":17},"end":{"line":165,"column":46}},"86":{"start":{"line":167,"column":4},"end":{"line":169,"column":5}},"87":{"start":{"line":168,"column":6},"end":{"line":168,"column":71}},"88":{"start":{"line":171,"column":27},"end":{"line":171,"column":61}},"89":{"start":{"line":172,"column":4},"end":{"line":172,"column":35}},"90":{"start":{"line":173,"column":4},"end":{"line":173,"column":38}},"91":{"start":{"line":174,"column":4},"end":{"line":174,"column":42}},"92":{"start":{"line":175,"column":4},"end":{"line":175,"column":22}},"93":{"start":{"line":178,"column":4},"end":{"line":178,"column":55}},"94":{"start":{"line":180,"column":4},"end":{"line":180,"column":57}},"95":{"start":{"line":182,"column":4},"end":{"line":182,"column":64}},"96":{"start":{"line":186,"column":0},"end":{"line":214,"column":3}},"97":{"start":{"line":187,"column":26},"end":{"line":187,"column":34}},"98":{"start":{"line":189,"column":2},"end":{"line":191,"column":3}},"99":{"start":{"line":190,"column":4},"end":{"line":190,"column":70}},"100":{"start":{"line":193,"column":2},"end":{"line":213,"column":3}},"101":{"start":{"line":194,"column":17},"end":{"line":194,"column":46}},"102":{"start":{"line":196,"column":4},"end":{"line":198,"column":5}},"103":{"start":{"line":197,"column":6},"end":{"line":197,"column":63}},"104":{"start":{"line":200,"column":4},"end":{"line":202,"column":5}},"105":{"start":{"line":201,"column":6},"end":{"line":201,"column":85}},"106":{"start":{"line":205,"column":4},"end":{"line":205,"column":30}},"107":{"start":{"line":206,"column":4},"end":{"line":206,"column":42}},"108":{"start":{"line":207,"column":4},"end":{"line":207,"column":46}},"109":{"start":{"line":208,"column":4},"end":{"line":208,"column":22}},"110":{"start":{"line":210,"column":4},"end":{"line":210,"column":57}},"111":{"start":{"line":212,"column":4},"end":{"line":212,"column":59}},"112":{"start":{"line":220,"column":0},"end":{"line":243,"column":3}},"113":{"start":{"line":221,"column":27},"end":{"line":221,"column":35}},"114":{"start":{"line":222,"column":2},"end":{"line":224,"column":3}},"115":{"start":{"line":223,"column":4},"end":{"line":223,"column":69}},"116":{"start":{"line":226,"column":2},"end":{"line":242,"column":3}},"117":{"start":{"line":227,"column":24},"end":{"line":227,"column":75}},"118":{"start":{"line":228,"column":4},"end":{"line":230,"column":5}},"119":{"start":{"line":229,"column":6},"end":{"line":229,"column":81}},"120":{"start":{"line":232,"column":17},"end":{"line":232,"column":56}},"121":{"start":{"line":233,"column":4},"end":{"line":235,"column":5}},"122":{"start":{"line":234,"column":6},"end":{"line":234,"column":76}},"123":{"start":{"line":237,"column":21},"end":{"line":237,"column":116}},"124":{"start":{"line":239,"column":4},"end":{"line":239,"column":34}},"125":{"start":{"line":241,"column":4},"end":{"line":241,"column":63}},"126":{"start":{"line":245,"column":0},"end":{"line":245,"column":24}}},"fnMap":{"0":{"name":"(anonymous_0)","decl":{"start":{"line":20,"column":48},"end":{"line":20,"column":49}},"loc":{"start":{"line":20,"column":68},"end":{"line":50,"column":1}},"line":20},"1":{"name":"(anonymous_1)","decl":{"start":{"line":43,"column":44},"end":{"line":43,"column":45}},"loc":{"start":{"line":43,"column":49},"end":{"line":43,"column":102}},"line":43},"2":{"name":"(anonymous_2)","decl":{"start":{"line":55,"column":38},"end":{"line":55,"column":39}},"loc":{"start":{"line":55,"column":58},"end":{"line":97,"column":1}},"line":55},"3":{"name":"(anonymous_3)","decl":{"start":{"line":103,"column":36},"end":{"line":103,"column":37}},"loc":{"start":{"line":103,"column":56},"end":{"line":119,"column":1}},"line":103},"4":{"name":"(anonymous_4)","decl":{"start":{"line":125,"column":32},"end":{"line":125,"column":33}},"loc":{"start":{"line":125,"column":52},"end":{"line":151,"column":1}},"line":125},"5":{"name":"(anonymous_5)","decl":{"start":{"line":157,"column":31},"end":{"line":157,"column":32}},"loc":{"start":{"line":157,"column":51},"end":{"line":184,"column":1}},"line":157},"6":{"name":"(anonymous_6)","decl":{"start":{"line":186,"column":29},"end":{"line":186,"column":30}},"loc":{"start":{"line":186,"column":49},"end":{"line":214,"column":1}},"line":186},"7":{"name":"(anonymous_7)","decl":{"start":{"line":220,"column":24},"end":{"line":220,"column":25}},"loc":{"start":{"line":220,"column":44},"end":{"line":243,"column":1}},"line":220}},"branchMap":{"0":{"loc":{"start":{"line":15,"column":0},"end":{"line":15,"column":79}},"type":"if","locations":[{"start":{"line":15,"column":0},"end":{"line":15,"column":79}},{"start":{},"end":{}}],"line":15},"1":{"loc":{"start":{"line":25,"column":4},"end":{"line":27,"column":5}},"type":"if","locations":[{"start":{"line":25,"column":4},"end":{"line":27,"column":5}},{"start":{},"end":{}}],"line":25},"2":{"loc":{"start":{"line":60,"column":4},"end":{"line":62,"column":5}},"type":"if","locations":[{"start":{"line":60,"column":4},"end":{"line":62,"column":5}},{"start":{},"end":{}}],"line":60},"3":{"loc":{"start":{"line":65,"column":4},"end":{"line":67,"column":5}},"type":"if","locations":[{"start":{"line":65,"column":4},"end":{"line":67,"column":5}},{"start":{},"end":{}}],"line":65},"4":{"loc":{"start":{"line":69,"column":4},"end":{"line":71,"column":5}},"type":"if","locations":[{"start":{"line":69,"column":4},"end":{"line":71,"column":5}},{"start":{},"end":{}}],"line":69},"5":{"loc":{"start":{"line":106,"column":18},"end":{"line":106,"column":56}},"type":"binary-expr","locations":[{"start":{"line":106,"column":18},"end":{"line":106,"column":28}},{"start":{"line":106,"column":32},"end":{"line":106,"column":56}}],"line":106},"6":{"loc":{"start":{"line":107,"column":4},"end":{"line":113,"column":5}},"type":"if","locations":[{"start":{"line":107,"column":4},"end":{"line":113,"column":5}},{"start":{},"end":{}}],"line":107},"7":{"loc":{"start":{"line":109,"column":6},"end":{"line":112,"column":7}},"type":"if","locations":[{"start":{"line":109,"column":6},"end":{"line":112,"column":7}},{"start":{},"end":{}}],"line":109},"8":{"loc":{"start":{"line":109,"column":10},"end":{"line":109,"column":32}},"type":"binary-expr","locations":[{"start":{"line":109,"column":10},"end":{"line":109,"column":17}},{"start":{"line":109,"column":21},"end":{"line":109,"column":32}}],"line":109},"9":{"loc":{"start":{"line":128,"column":2},"end":{"line":130,"column":3}},"type":"if","locations":[{"start":{"line":128,"column":2},"end":{"line":130,"column":3}},{"start":{},"end":{}}],"line":128},"10":{"loc":{"start":{"line":134,"column":4},"end":{"line":137,"column":5}},"type":"if","locations":[{"start":{"line":134,"column":4},"end":{"line":137,"column":5}},{"start":{},"end":{}}],"line":134},"11":{"loc":{"start":{"line":160,"column":2},"end":{"line":162,"column":3}},"type":"if","locations":[{"start":{"line":160,"column":2},"end":{"line":162,"column":3}},{"start":{},"end":{}}],"line":160},"12":{"loc":{"start":{"line":160,"column":6},"end":{"line":160,"column":36}},"type":"binary-expr","locations":[{"start":{"line":160,"column":6},"end":{"line":160,"column":12}},{"start":{"line":160,"column":16},"end":{"line":160,"column":20}},{"start":{"line":160,"column":24},"end":{"line":160,"column":36}}],"line":160},"13":{"loc":{"start":{"line":167,"column":4},"end":{"line":169,"column":5}},"type":"if","locations":[{"start":{"line":167,"column":4},"end":{"line":169,"column":5}},{"start":{},"end":{}}],"line":167},"14":{"loc":{"start":{"line":167,"column":8},"end":{"line":167,"column":88}},"type":"binary-expr","locations":[{"start":{"line":167,"column":8},"end":{"line":167,"column":13}},{"start":{"line":167,"column":17},"end":{"line":167,"column":46}},{"start":{"line":167,"column":50},"end":{"line":167,"column":88}}],"line":167},"15":{"loc":{"start":{"line":189,"column":2},"end":{"line":191,"column":3}},"type":"if","locations":[{"start":{"line":189,"column":2},"end":{"line":191,"column":3}},{"start":{},"end":{}}],"line":189},"16":{"loc":{"start":{"line":189,"column":6},"end":{"line":189,"column":21}},"type":"binary-expr","locations":[{"start":{"line":189,"column":6},"end":{"line":189,"column":12}},{"start":{"line":189,"column":16},"end":{"line":189,"column":21}}],"line":189},"17":{"loc":{"start":{"line":196,"column":4},"end":{"line":198,"column":5}},"type":"if","locations":[{"start":{"line":196,"column":4},"end":{"line":198,"column":5}},{"start":{},"end":{}}],"line":196},"18":{"loc":{"start":{"line":200,"column":4},"end":{"line":202,"column":5}},"type":"if","locations":[{"start":{"line":200,"column":4},"end":{"line":202,"column":5}},{"start":{},"end":{}}],"line":200},"19":{"loc":{"start":{"line":200,"column":8},"end":{"line":200,"column":88}},"type":"binary-expr","locations":[{"start":{"line":200,"column":8},"end":{"line":200,"column":42}},{"start":{"line":200,"column":46},"end":{"line":200,"column":88}}],"line":200},"20":{"loc":{"start":{"line":222,"column":2},"end":{"line":224,"column":3}},"type":"if","locations":[{"start":{"line":222,"column":2},"end":{"line":224,"column":3}},{"start":{},"end":{}}],"line":222},"21":{"loc":{"start":{"line":228,"column":4},"end":{"line":230,"column":5}},"type":"if","locations":[{"start":{"line":228,"column":4},"end":{"line":230,"column":5}},{"start":{},"end":{}}],"line":228},"22":{"loc":{"start":{"line":228,"column":8},"end":{"line":228,"column":58}},"type":"binary-expr","locations":[{"start":{"line":228,"column":8},"end":{"line":228,"column":20}},{"start":{"line":228,"column":24},"end":{"line":228,"column":58}}],"line":228},"23":{"loc":{"start":{"line":233,"column":4},"end":{"line":235,"column":5}},"type":"if","locations":[{"start":{"line":233,"column":4},"end":{"line":235,"column":5}},{"start":{},"end":{}}],"line":233},"24":{"loc":{"start":{"line":233,"column":8},"end":{"line":233,"column":31}},"type":"binary-expr","locations":[{"start":{"line":233,"column":8},"end":{"line":233,"column":13}},{"start":{"line":233,"column":17},"end":{"line":233,"column":31}}],"line":233}},"s":{"0":1,"1":1,"2":1,"3":1,"4":1,"5":1,"6":1,"7":1,"8":1,"9":1,"10":1,"11":1,"12":1,"13":1,"14":0,"15":1,"16":62,"17":62,"18":62,"19":62,"20":1,"21":61,"22":61,"23":61,"24":61,"25":61,"26":0,"27":61,"28":0,"29":0,"30":1,"31":148,"32":148,"33":148,"34":148,"35":90,"36":58,"37":58,"38":1,"39":57,"40":2,"41":55,"42":55,"43":55,"44":55,"45":55,"46":55,"47":0,"48":0,"49":55,"50":55,"51":0,"52":1,"53":2,"54":2,"55":2,"56":2,"57":2,"58":2,"59":2,"60":2,"61":2,"62":2,"63":0,"64":1,"65":4,"66":4,"67":0,"68":4,"69":4,"70":4,"71":1,"72":3,"73":3,"74":3,"75":3,"76":3,"77":3,"78":0,"79":0,"80":1,"81":4,"82":4,"83":0,"84":4,"85":4,"86":4,"87":2,"88":2,"89":2,"90":2,"91":2,"92":2,"93":2,"94":2,"95":0,"96":1,"97":0,"98":0,"99":0,"100":0,"101":0,"102":0,"103":0,"104":0,"105":0,"106":0,"107":0,"108":0,"109":0,"110":0,"111":0,"112":1,"113":0,"114":0,"115":0,"116":0,"117":0,"118":0,"119":0,"120":0,"121":0,"122":0,"123":0,"124":0,"125":0,"126":1},"f":{"0":62,"1":0,"2":148,"3":2,"4":4,"5":4,"6":0,"7":0},"b":{"0":[0,1],"1":[1,61],"2":[90,58],"3":[1,57],"4":[2,55],"5":[2,2],"6":[2,0],"7":[2,0],"8":[2,2],"9":[0,4],"10":[1,3],"11":[0,4],"12":[4,4,4],"13":[2,2],"14":[4,4,2],"15":[0,0],"16":[0,0],"17":[0,0],"18":[0,0],"19":[0,0],"20":[0,0],"21":[0,0],"22":[0,0],"23":[0,0],"24":[0,0]},"_coverageSchema":"1a1c01bbd47fc00a2c39e90264f33305004495a9","hash":"23a096555b1a4b5a66df16d9e29e205ef55e4c20"}
,"F:\\WebFixer\\backend\\routes\\marketplace.js": {"path":"F:\\WebFixer\\backend\\routes\\marketplace.js","statementMap":{"0":{"start":{"line":1,"column":16},"end":{"line":1,"column":34}},"1":{"start":{"line":2,"column":15},"end":{"line":2,"column":32}},"2":{"start":{"line":3,"column":13},"end":{"line":3,"column":28}},"3":{"start":{"line":4,"column":11},"end":{"line":4,"column":24}},"4":{"start":{"line":5,"column":17},"end":{"line":5,"column":46}},"5":{"start":{"line":6,"column":17},"end":{"line":6,"column":46}},"6":{"start":{"line":7,"column":16},"end":{"line":7,"column":44}},"7":{"start":{"line":8,"column":24},"end":{"line":8,"column":53}},"8":{"start":{"line":9,"column":27},"end":{"line":9,"column":57}},"9":{"start":{"line":11,"column":15},"end":{"line":11,"column":31}},"10":{"start":{"line":14,"column":18},"end":{"line":14,"column":52}},"11":{"start":{"line":15,"column":0},"end":{"line":17,"column":1}},"12":{"start":{"line":16,"column":2},"end":{"line":16,"column":47}},"13":{"start":{"line":19,"column":21},"end":{"line":19,"column":113}},"14":{"start":{"line":20,"column":16},"end":{"line":28,"column":2}},"15":{"start":{"line":22,"column":4},"end":{"line":22,"column":24}},"16":{"start":{"line":25,"column":25},"end":{"line":25,"column":75}},"17":{"start":{"line":26,"column":4},"end":{"line":26,"column":61}},"18":{"start":{"line":29,"column":15},"end":{"line":36,"column":2}},"19":{"start":{"line":33,"column":4},"end":{"line":34,"column":73}},"20":{"start":{"line":33,"column":46},"end":{"line":33,"column":61}},"21":{"start":{"line":34,"column":9},"end":{"line":34,"column":73}},"22":{"start":{"line":42,"column":0},"end":{"line":96,"column":3}},"23":{"start":{"line":43,"column":55},"end":{"line":43,"column":63}},"24":{"start":{"line":44,"column":2},"end":{"line":46,"column":3}},"25":{"start":{"line":45,"column":4},"end":{"line":45,"column":75}},"26":{"start":{"line":48,"column":23},"end":{"line":48,"column":36}},"27":{"start":{"line":49,"column":2},"end":{"line":51,"column":3}},"28":{"start":{"line":50,"column":4},"end":{"line":50,"column":78}},"29":{"start":{"line":53,"column":2},"end":{"line":95,"column":3}},"30":{"start":{"line":55,"column":21},"end":{"line":55,"column":53}},"31":{"start":{"line":58,"column":18},"end":{"line":58,"column":53}},"32":{"start":{"line":60,"column":22},"end":{"line":60,"column":24}},"33":{"start":{"line":61,"column":23},"end":{"line":61,"column":41}},"34":{"start":{"line":62,"column":19},"end":{"line":62,"column":55}},"35":{"start":{"line":64,"column":19},"end":{"line":64,"column":21}},"36":{"start":{"line":65,"column":4},"end":{"line":67,"column":5}},"37":{"start":{"line":66,"column":6},"end":{"line":66,"column":44}},"38":{"start":{"line":69,"column":20},"end":{"line":69,"column":22}},"39":{"start":{"line":70,"column":4},"end":{"line":72,"column":5}},"40":{"start":{"line":71,"column":6},"end":{"line":71,"column":46}},"41":{"start":{"line":74,"column":24},"end":{"line":86,"column":6}},"42":{"start":{"line":88,"column":4},"end":{"line":91,"column":7}},"43":{"start":{"line":93,"column":4},"end":{"line":93,"column":63}},"44":{"start":{"line":94,"column":4},"end":{"line":94,"column":93}},"45":{"start":{"line":98,"column":0},"end":{"line":103,"column":3}},"46":{"start":{"line":99,"column":2},"end":{"line":101,"column":3}},"47":{"start":{"line":100,"column":4},"end":{"line":100,"column":56}},"48":{"start":{"line":102,"column":2},"end":{"line":102,"column":9}},"49":{"start":{"line":109,"column":0},"end":{"line":122,"column":3}},"50":{"start":{"line":110,"column":2},"end":{"line":121,"column":3}},"51":{"start":{"line":111,"column":23},"end":{"line":111,"column":32}},"52":{"start":{"line":112,"column":20},"end":{"line":112,"column":52}},"53":{"start":{"line":114,"column":4},"end":{"line":117,"column":5}},"54":{"start":{"line":115,"column":16},"end":{"line":115,"column":36}},"55":{"start":{"line":116,"column":6},"end":{"line":116,"column":75}},"56":{"start":{"line":116,"column":40},"end":{"line":116,"column":73}},"57":{"start":{"line":118,"column":4},"end":{"line":118,"column":24}},"58":{"start":{"line":120,"column":4},"end":{"line":120,"column":65}},"59":{"start":{"line":128,"column":0},"end":{"line":151,"column":3}},"60":{"start":{"line":129,"column":2},"end":{"line":150,"column":3}},"61":{"start":{"line":130,"column":21},"end":{"line":130,"column":59}},"62":{"start":{"line":131,"column":4},"end":{"line":133,"column":5}},"63":{"start":{"line":132,"column":6},"end":{"line":132,"column":67}},"64":{"start":{"line":134,"column":4},"end":{"line":136,"column":5}},"65":{"start":{"line":135,"column":6},"end":{"line":135,"column":87}},"66":{"start":{"line":138,"column":17},"end":{"line":138,"column":56}},"67":{"start":{"line":139,"column":4},"end":{"line":141,"column":5}},"68":{"start":{"line":140,"column":6},"end":{"line":140,"column":73}},"69":{"start":{"line":143,"column":4},"end":{"line":147,"column":7}},"70":{"start":{"line":144,"column":6},"end":{"line":146,"column":7}},"71":{"start":{"line":145,"column":8},"end":{"line":145,"column":95}},"72":{"start":{"line":149,"column":4},"end":{"line":149,"column":67}},"73":{"start":{"line":157,"column":0},"end":{"line":166,"column":3}},"74":{"start":{"line":158,"column":2},"end":{"line":165,"column":3}},"75":{"start":{"line":159,"column":21},"end":{"line":159,"column":59}},"76":{"start":{"line":160,"column":4},"end":{"line":160,"column":80}},"77":{"start":{"line":160,"column":19},"end":{"line":160,"column":80}},"78":{"start":{"line":161,"column":4},"end":{"line":161,"column":99}},"79":{"start":{"line":162,"column":4},"end":{"line":162,"column":97}},"80":{"start":{"line":164,"column":4},"end":{"line":164,"column":66}},"81":{"start":{"line":170,"column":0},"end":{"line":170,"column":24}}},"fnMap":{"0":{"name":"(anonymous_0)","decl":{"start":{"line":21,"column":15},"end":{"line":21,"column":16}},"loc":{"start":{"line":21,"column":40},"end":{"line":23,"column":3}},"line":21},"1":{"name":"(anonymous_1)","decl":{"start":{"line":24,"column":12},"end":{"line":24,"column":13}},"loc":{"start":{"line":24,"column":37},"end":{"line":27,"column":3}},"line":24},"2":{"name":"(anonymous_2)","decl":{"start":{"line":32,"column":14},"end":{"line":32,"column":15}},"loc":{"start":{"line":32,"column":33},"end":{"line":35,"column":3}},"line":32},"3":{"name":"(anonymous_3)","decl":{"start":{"line":42,"column":116},"end":{"line":42,"column":117}},"loc":{"start":{"line":42,"column":136},"end":{"line":96,"column":1}},"line":42},"4":{"name":"(anonymous_4)","decl":{"start":{"line":98,"column":11},"end":{"line":98,"column":12}},"loc":{"start":{"line":98,"column":36},"end":{"line":103,"column":1}},"line":98},"5":{"name":"(anonymous_5)","decl":{"start":{"line":109,"column":25},"end":{"line":109,"column":26}},"loc":{"start":{"line":109,"column":45},"end":{"line":122,"column":1}},"line":109},"6":{"name":"(anonymous_6)","decl":{"start":{"line":116,"column":35},"end":{"line":116,"column":36}},"loc":{"start":{"line":116,"column":40},"end":{"line":116,"column":73}},"line":116},"7":{"name":"(anonymous_7)","decl":{"start":{"line":128,"column":51},"end":{"line":128,"column":52}},"loc":{"start":{"line":128,"column":71},"end":{"line":151,"column":1}},"line":128},"8":{"name":"(anonymous_8)","decl":{"start":{"line":143,"column":23},"end":{"line":143,"column":24}},"loc":{"start":{"line":143,"column":30},"end":{"line":147,"column":5}},"line":143},"9":{"name":"(anonymous_9)","decl":{"start":{"line":157,"column":52},"end":{"line":157,"column":53}},"loc":{"start":{"line":157,"column":72},"end":{"line":166,"column":1}},"line":157}},"branchMap":{"0":{"loc":{"start":{"line":15,"column":0},"end":{"line":17,"column":1}},"type":"if","locations":[{"start":{"line":15,"column":0},"end":{"line":17,"column":1}},{"start":{},"end":{}}],"line":15},"1":{"loc":{"start":{"line":33,"column":4},"end":{"line":34,"column":73}},"type":"if","locations":[{"start":{"line":33,"column":4},"end":{"line":34,"column":73}},{"start":{"line":34,"column":9},"end":{"line":34,"column":73}}],"line":33},"2":{"loc":{"start":{"line":44,"column":2},"end":{"line":46,"column":3}},"type":"if","locations":[{"start":{"line":44,"column":2},"end":{"line":46,"column":3}},{"start":{},"end":{}}],"line":44},"3":{"loc":{"start":{"line":44,"column":6},"end":{"line":44,"column":43}},"type":"binary-expr","locations":[{"start":{"line":44,"column":6},"end":{"line":44,"column":12}},{"start":{"line":44,"column":16},"end":{"line":44,"column":20}},{"start":{"line":44,"column":24},"end":{"line":44,"column":43}}],"line":44},"4":{"loc":{"start":{"line":49,"column":2},"end":{"line":51,"column":3}},"type":"if","locations":[{"start":{"line":49,"column":2},"end":{"line":51,"column":3}},{"start":{},"end":{}}],"line":49},"5":{"loc":{"start":{"line":49,"column":6},"end":{"line":49,"column":56}},"type":"binary-expr","locations":[{"start":{"line":49,"column":6},"end":{"line":49,"column":36}},{"start":{"line":49,"column":40},"end":{"line":49,"column":56}}],"line":49},"6":{"loc":{"start":{"line":58,"column":18},"end":{"line":58,"column":53}},"type":"binary-expr","locations":[{"start":{"line":58,"column":18},"end":{"line":58,"column":48}},{"start":{"line":58,"column":52},"end":{"line":58,"column":53}}],"line":58},"7":{"loc":{"start":{"line":62,"column":19},"end":{"line":62,"column":55}},"type":"cond-expr","locations":[{"start":{"line":62,"column":32},"end":{"line":62,"column":42}},{"start":{"line":62,"column":45},"end":{"line":62,"column":55}}],"line":62},"8":{"loc":{"start":{"line":65,"column":4},"end":{"line":67,"column":5}},"type":"if","locations":[{"start":{"line":65,"column":4},"end":{"line":67,"column":5}},{"start":{},"end":{}}],"line":65},"9":{"loc":{"start":{"line":65,"column":8},"end":{"line":65,"column":35}},"type":"binary-expr","locations":[{"start":{"line":65,"column":8},"end":{"line":65,"column":17}},{"start":{"line":65,"column":21},"end":{"line":65,"column":35}}],"line":65},"10":{"loc":{"start":{"line":70,"column":4},"end":{"line":72,"column":5}},"type":"if","locations":[{"start":{"line":70,"column":4},"end":{"line":72,"column":5}},{"start":{},"end":{}}],"line":70},"11":{"lo
[...]
:"cond-expr","locations":[{"start":{"line":88,"column":28},"end":{"line":88,"column":31}},{"start":{"line":88,"column":34},"end":{"line":88,"column":37}}],"line":88},"15":{"loc":{"start":{"line":89,"column":15},"end":{"line":89,"column":123}},"type":"cond-expr","locations":[{"start":{"line":89,"column":28},"end":{"line":89,"column":59}},{"start":{"line":89,"column":62},"end":{"line":89,"column":123}}],"line":89},"16":{"loc":{"start":{"line":99,"column":2},"end":{"line":101,"column":3}},"type":"if","locations":[{"start":{"line":99,"column":2},"end":{"line":101,"column":3}},{"start":{},"end":{}}],"line":99},"17":{"loc":{"start":{"line":99,"column":6},"end":{"line":99,"column":46}},"type":"binary-expr","locations":[{"start":{"line":99,"column":6},"end":{"line":99,"column":39}},{"start":{"line":99,"column":43},"end":{"line":99,"column":46}}],"line":99},"18":{"loc":{"start":{"line":114,"column":4},"end":{"line":117,"column":5}},"type":"if","locations":[{"start":{"line":114,"column":4},"end":{"line":117,"column":5}},{"start":{},"end":{}}],"line":114},"19":{"loc":{"start":{"line":131,"column":4},"end":{"line":133,"column":5}},"type":"if","locations":[{"start":{"line":131,"column":4},"end":{"line":133,"column":5}},{"start":{},"end":{}}],"line":131},"20":{"loc":{"start":{"line":134,"column":4},"end":{"line":136,"column":5}},"type":"if","locations":[{"start":{"line":134,"column":4},"end":{"line":136,"column":5}},{"start":{},"end":{}}],"line":134},"21":{"loc":{"start":{"line":139,"column":4},"end":{"line":141,"column":5}},"type":"if","locations":[{"start":{"line":139,"column":4},"end":{"line":141,"column":5}},{"start":{},"end":{}}],"line":139},"22":{"loc":{"start":{"line":144,"column":6},"end":{"line":146,"column":7}},"type":"if","locations":[{"start":{"line":144,"column":6},"end":{"line":146,"column":7}},{"start":{},"end":{}}],"line":144},"23":{"loc":{"start":{"line":160,"column":4},"end":{"line":160,"column":80}},"type":"if","locations":[{"start":{"line":160,"column":4},"end":{"line":160,"column":80}},{"start":{},"end":{}}],"line":160}},"s":{"0":1,"1":1,"2":1,"3":1,"4":1,"5":1,"6":1,"7":1,"8":1,"9":1,"10":1,"11":1,"12":0,"13":1,"14":1,"15":0,"16":0,"17":0,"18":1,"19":1,"20":0,"21":1,"22":1,"23":9,"24":9,"25":1,"26":8,"27":8,"28":1,"29":7,"30":7,"31":7,"32":7,"33":7,"34":7,"35":7,"36":7,"37":0,"38":7,"39":7,"40":0,"41":7,"42":7,"43":0,"44":0,"45":1,"46":1,"47":1,"48":0,"49":1,"50":2,"51":2,"52":2,"53":2,"54":1,"55":1,"56":1,"57":2,"58":0,"59":1,"60":1,"61":1,"62":1,"63":0,"64":1,"65":1,"66":0,"67":0,"68":0,"69":0,"70":0,"71":0,"72":0,"73":1,"74":1,"75":1,"76":1,"77":0,"78":1,"79":1,"80":0,"81":1},"f":{"0":0,"1":0,"2":1,"3":9,"4":1,"5":2,"6":1,"7":1,"8":0,"9":1},"b":{"0":[0,1],"1":[0,1],"2":[1,8],"3":[9,8,8],"4":[1,7],"5":[8,8],"6":[7,0],"7":[7,0],"8":[0,7],"9":[7,0],"10":[0,7],"11":[7,0],"12":[7,7],"13":[7,0],"14":[7,0],"15":[7,0],"16":[1,0],"17":[1,1],"18":[1,1],"19":[0,1],"20":[1,0],"21":[0,0],"22":[0,0],"23":[0,1]},"_coverageSchema":"1a1c01bbd47fc00a2c39e90264f33305004495a9","hash":"737ebfa993f3b1f9ea468f11a36167dd055e37ee"}
,"F:\\WebFixer\\backend\\routes\\recommendations.js": {"path":"F:\\WebFixer\\backend\\routes\\recommendations.js","statementMap":{"0":{"start":{"line":1,"column":16},"end":{"line":1,"column":34}},"1":{"start":{"line":2,"column":14},"end":{"line":2,"column":40}},"2":{"start":{"line":3,"column":24},"end":{"line":3,"column":53}},"3":{"start":{"line":4,"column":15},"end":{"line":4,"column":31}},"4":{"start":{"line":7,"column":0},"end":{"line":14,"column":3}},"5":{"start":{"line":8,"column":16},"end":{"line":8,"column":51}},"6":{"start":{"line":9,"column":2},"end":{"line":9,"column":72}},"7":{"start":{"line":9,"column":14},"end":{"line":9,"column":72}},"8":{"start":{"line":10,"column":2},"end":{"line":12,"column":3}},"9":{"start":{"line":11,"column":4},"end":{"line":11,"column":56}},"10":{"start":{"line":13,"column":2},"end":{"line":13,"column":75}},"11":{"start":{"line":16,"column":0},"end":{"line":16,"column":24}}},"fnMap":{"0":{"name":"(anonymous_0)","decl":{"start":{"line":7,"column":37},"end":{"line":7,"column":38}},"loc":{"start":{"line":7,"column":57},"end":{"line":14,"column":1}},"line":7}},"branchMap":{"0":{"loc":{"start":{"line":9,"column":2},"end":{"line":9,"column":72}},"type":"if","locations":[{"start":{"line":9,"column":2},"end":{"line":9,"column":72}},{"start":{},"end":{}}],"line":9},"1":{"loc":{"start":{"line":10,"column":2},"end":{"line":12,"column":3}},"type":"if","locations":[{"start":{"line":10,"column":2},"end":{"line":12,"column":3}},{"start":{},"end":{}}],"line":10},"2":{"loc":{"start":{"line":10,"column":6},"end":{"line":10,"column":63}},"type":"binary-expr","locations":[{"start":{"line":10,"column":6},"end":{"line":10,"column":34}},{"start":{"line":10,"column":38},"end":{"line":10,"column":63}}],"line":10}},"s":{"0":1,"1":1,"2":1,"3":1,"4":1,"5":3,"6":3,"7":1,"8":2,"9":1,"10":1,"11":1},"f":{"0":3},"b":{"0":[1,2],"1":[1,1],"2":[2,1]},"_coverageSchema":"1a1c01bbd47fc00a2c39e90264f33305004495a9","hash":"6fa78a682341690d50a028bf50a6f97cab596540"}
,"F:\\WebFixer\\backend\\routes\\user.js": {"path":"F:\\WebFixer\\backend\\routes\\user.js","statementMap":{"0":{"start":{"line":1,"column":16},"end":{"line":1,"column":34}},"1":{"start":{"line":2,"column":15},"end":{"line":2,"column":34}},"2":{"start":{"line":3,"column":13},"end":{"line":3,"column":38}},"3":{"start":{"line":4,"column":14},"end":{"line":4,"column":40}},"4":{"start":{"line":5,"column":33},"end":{"line":5,"column":62}},"5":{"start":{"line":7,"column":15},"end":{"line":7,"column":31}},"6":{"start":{"line":13,"column":0},"end":{"line":26,"column":3}},"7":{"start":{"line":14,"column":2},"end":{"line":25,"column":3}},"8":{"start":{"line":18,"column":17},"end":{"line":18,"column":49}},"9":{"start":{"line":19,"column":4},"end":{"line":21,"column":5}},"10":{"start":{"line":20,"column":6},"end":{"line":20,"column":63}},"11":{"start":{"line":22,"column":4},"end":{"line":22,"column":19}},"12":{"start":{"line":24,"column":4},"end":{"line":24,"column":63}},"13":{"start":{"line":32,"column":0},"end":{"line":43,"column":3}},"14":{"start":{"line":33,"column":2},"end":{"line":42,"column":3}},"15":{"start":{"line":34,"column":30},"end":{"line":34,"column":38}},"16":{"start":{"line":35,"column":24},"end":{"line":35,"column":80}},"17":{"start":{"line":36,"column":4},"end":{"line":38,"column":5}},"18":{"start":{"line":37,"column":6},"end":{"line":37,"column":63}},"19":{"start":{"line":39,"column":4},"end":{"line":39,"column":64}},"20":{"start":{"line":41,"column":4},"end":{"line":41,"column":64}},"21":{"start":{"line":49,"column":0},"end":{"line":76,"column":3}},"22":{"start":{"line":50,"column":39},"end":{"line":50,"column":47}},"23":{"start":{"line":52,"column":2},"end":{"line":54,"column":3}},"24":{"start":{"line":53,"column":4},"end":{"line":53,"column":70}},"25":{"start":{"line":56,"column":2},"end":{"line":75,"column":3}},"26":{"start":{"line":57,"column":17},"end":{"line":57,"column":49}},"27":{"start":{"line":58,"column":4},"end":{"line":60,"column":5}},"28":{"start":{"line":59,"column":6},"end":{"line":59,"column":63}},"29":{"start":{"line":63,"column":20},"end":{"line":63,"column":68}},"30":{"start":{"line":64,"column":4},"end":{"line":66,"column":5}},"31":{"start":{"line":65,"column":6},"end":{"line":65,"column":78}},"32":{"start":{"line":69,"column":4},"end":{"line":69,"column":55}},"33":{"start":{"line":70,"column":4},"end":{"line":70,"column":22}},"34":{"start":{"line":72,"column":4},"end":{"line":72,"column":59}},"35":{"start":{"line":74,"column":4},"end":{"line":74,"column":65}},"36":{"start":{"line":82,"column":0},"end":{"line":113,"column":3}},"37":{"start":{"line":83,"column":23},"end":{"line":83,"column":31}},"38":{"start":{"line":85,"column":2},"end":{"line":87,"column":3}},"39":{"start":{"line":86,"column":4},"end":{"line":86,"column":82}},"40":{"start":{"line":89,"column":2},"end":{"line":112,"column":3}},"41":{"start":{"line":90,"column":17},"end":{"line":90,"column":49}},"42":{"start":{"line":91,"column":4},"end":{"line":93,"column":5}},"43":{"start":{"line":92,"column":6},"end":{"line":92,"column":63}},"44":{"start":{"line":96,"column":20},"end":{"line":96,"column":65}},"45":{"start":{"line":97,"column":4},"end":{"line":99,"column":5}},"46":{"start":{"line":98,"column":6},"end":{"line":98,"column":70}},"47":{"start":{"line":102,"column":4},"end":{"line":102,"column":39}},"48":{"start":{"line":106,"column":21},"end":{"line":106,"column":40}},"49":{"start":{"line":107,"column":4},"end":{"line":107,"column":70}},"50":{"start":{"line":109,"column":4},"end":{"line":109,"column":57}},"51":{"start":{"line":111,"column":4},"end":{"line":111,"column":64}},"52":{"start":{"line":119,"column":0},"end":{"line":128,"column":3}},"53":{"start":{"line":120,"column":2},"end":{"line":127,"column":3}},"54":{"start":{"line":121,"column":17},"end":{"line":121,"column":46}},"55":{"start":{"line":122,"column":18},"end":{"line":122,"column":49}},"56":{"start":{"line":123,"column":22},"end":{"line":123,"column":71}},"57":{"start":{"line":124,"column":4},"end":{"line":124,"column":24}},"58":{"start":{"line":126,"column":4},"end":{"line":126,"column":62}},"59":{"start":{"line":134,"column":0},"end":{"line":141,"column":3}},"60":{"start":{"line":135,"column":2},"end":{"line":140,"column":3}},"61":{"start":{"line":136,"column":21},"end":{"line":136,"column":41}},"62":{"start":{"line":137,"column":4},"end":{"line":137,"column":23}},"63":{"start":{"line":139,"column":4},"end":{"line":139,"column":61}},"64":{"start":{"line":143,"column":0},"end":{"line":143,"column":24}}},"fnMap":{"0":{"name":"(anonymous_0)","decl":{"start":{"line":13,"column":36},"end":{"line":13,"column":37}},"loc":{"start":{"line":13,"column":56},"end":{"line":26,"column":1}},"line":13},"1":{"name":"(anonymous_1)","decl":{"start":{"line":32,"column":36},"end":{"line":32,"column":37}},"loc":{"start":{"line":32,"column":56},"end":{"line":43,"column":1}},"line":32},"2":{"name":"(anonymous_2)","decl":{"start":{"line":49,"column":44},"end":{"line":49,"column":45}},"loc":{"start":{"line":49,"column":64},"end":{"line":76,"column":1}},"line":49},"3":{"name":"(anonymous_3)","decl":{"start":{"line":82,"column":39},"end":{"line":82,"column":40}},"loc":{"start":{"line":82,"column":59},"end":{"line":113,"column":1}},"line":82},"4":{"name":"(anonymous_4)","decl":{"start":{"line":119,"column":35},"end":{"line":119,"column":36}},"loc":{"start":{"line":119,"column":55},"end":{"line":128,"column":1}},"line":119},"5":{"name":"(anonymous_5)","decl":{"start":{"line":134,"column":49},"end":{"line":134,"column":50}},"loc":{"start":{"line":134,"column":69},"end":{"line":141,"column":1}},"line":134}},"branchMap":{"0":{"loc":{"start":{"line":19,"column":4},"end":{"line":21,"column":5}},"type":"if","locations":[{"start":{"line":19,"column":4},"end":{"line":21,"column":5}},{"start":{},"end":{}}],"line":19},"1":{"loc":{"start":{"line":36,"column":4},"end":{"line":38,"column":5}},"type":"if","locations":[{"start":{"line":36,"column":4},"end":{"line":38,"column":5}},{"start":{},"end":{}}],"line":36},"2":{"loc":{"start":{"line":52,"column":2},"end":{"line":54,"column":3}},"type":"if","locations":[{"start":{"line":52,"column":2},"end":{"line":54,"column":3}},{"start":{},"end":{}}],"line":52},"3":{"loc":{"start":{"line":52,"column":6},"end":{"line":52,"column":34}},"type":"binary-expr","locations":[{"start":{"line":52,"column":6},"end":{"line":52,"column":18}},{"start":{"line":52,"column":22},"end":{"line":52,"column":34}}],"line":52},"4":{"loc":{"start":{"line":58,"column":4},"end":{"line":60,"column":5}},"type":"if","locations":[{"start":{"line":58,"column":4},"end":{"line":60,"column":5}},{"start":{},"end":{}}],"line":58},"5":{"loc":{"start":{"line":64,"column":4},"end":{"line":66,"column":5}},"type":"if","locations":[{"start":{"line":64,"column":4},"end":{"line":66,"column":5}},{"start":{},"end":{}}],"line":64},"6":{"loc":{"start":{"line":85,"column":2},"end":{"line":87,"column":3}},"type":"if","locations":[{"start":{"line":85,"column":2},"end":{"line":87,"column":3}},{"start":{},"end":{}}],"line":85},"7":{"loc":{"start":{"line":91,"column":4},"end":{"line":93,"column":5}},"type":"if","locations":[{"start":{"line":91,"column":4},"end":{"line":93,"column":5}},{"start":{},"end":{}}],"line":91},"8":{"loc":{"start":{"line":97,"column":4},"end":{"line":99,"column":5}},"type":"if","locations":[{"start":{"line":97,"column":4},"end":{"line":99,"column":5}},{"start":{},"end":{}}],"line":97},"9":{"loc":{"start":{"line":121,"column":17},"end":{"line":121,"column":46}},"type":"binary-expr","locations":[{"start":{"line":121,"column":17},"end":{"line":121,"column":41}},{"start":{"line":121,"column":45},"end":{"line":121,"column":46}}],"line":121},"10":{"loc":{"start":{"line":122,"column":18},"end":{"line":122,"column":49}},"type":"binary-expr","locations":[{"start":{"line":122,"column":18},"end":{"line":122,"column":43}},{"start":{"line":122,"column":47},"end":{"line":122,"column":49}}],"line":122}},"s":{"0":1,"1":1,"2":1,"3":1,"4":1,"5":1,"6":1,"7":1,"8":1,"9":1,"10":0,"11":1,"12":0,"13":1,"14":1,"15":1,"16":1,"17":1,"18":0,"19":1,"20":0,"21":1,"22":2,"23":2,"24":0,"25":2,"26":2,"27":2,"28":0,"29":2,"30":2,"31":1,"32":1,"33":1,"34":1,"35":0,"36":1,"37":2,"38":2,"39":0,"40":2,"41":2,"42":2,"43":0,"44":2,"45":2,"46":1,"47":1,"48":1,"49":1,"50":1,"51":0,"52":1,"53":0,"54":0,"55":0,"56":0,"57":0,"58":0,"59":1,"60":0,"61":0,"62":0,"63":0,"64":1},"f":{"0":1,"1":1,"2":2,"3":2,"4":0,"5":0},"b":{"0":[0,1],"1":[0,1],"2":[0,2],"3":[2,2],"4":[0,2],"5":[1,1],"6":[0,2],"7":[0,2],"8":[1,1],"9":[0,0],"10":[0,0]},"_coverageSchema":"1a1c01bbd47fc00a2c39e90264f33305004495a9","hash":"46b12e89e80660d8f23f5e30fcf7a2a56235f801"}
,"F:\\WebFixer\\backend\\services\\activityLogger.js": {"path":"F:\\WebFixer\\backend\\services\\activityLogger.js","statementMap":{"0":{"start":{"line":1,"column":20},"end":{"line":1,"column":52}},"1":{"start":{"line":2,"column":15},"end":{"line":2,"column":35}},"2":{"start":{"line":5,"column":2},"end":{"line":9,"column":3}},"3":{"start":{"line":6,"column":4},"end":{"line":6,"column":55}},"4":{"start":{"line":8,"column":4},"end":{"line":8,"column":83}},"5":{"start":{"line":12,"column":0},"end":{"line":12,"column":25}}},"fnMap":{"0":{"name":"log","decl":{"start":{"line":4,"column":15},"end":{"line":4,"column":18}},"loc":{"start":{"line":4,"column":46},"end":{"line":10,"column":1}},"line":4}},"branchMap":{"0":{"loc":{"start":{"line":4,"column":35},"end":{"line":4,"column":44}},"type":"default-arg","locations":[{"start":{"line":4,"column":42},"end":{"line":4,"column":44}}],"line":4}},"s":{"0":1,"1":1,"2":58,"3":58,"4":0,"5":1},"f":{"0":58},"b":{"0":[2]},"_coverageSchema":"1a1c01bbd47fc00a2c39e90264f33305004495a9","hash":"aa711acec22d21cabee48cf9c6139d4daaf42cd0"}
,"F:\\WebFixer\\backend\\services\\reportService.js": {"path":"F:\\WebFixer\\backend\\services\\reportService.js","statementMap":{"0":{"start":{"line":1,"column":20},"end":{"line":1,"column":37}},"1":{"start":{"line":2,"column":11},"end":{"line":2,"column":24}},"2":{"start":{"line":7,"column":22},"end":{"line":107,"column":1}},"3":{"start":{"line":12,"column":16},"end":{"line":12,"column":47}},"4":{"start":{"line":13,"column":4},"end":{"line":13,"column":21}},"5":{"start":{"line":16,"column":4},"end":{"line":16,"column":85}},"6":{"start":{"line":17,"column":4},"end":{"line":17,"column":19}},"7":{"start":{"line":18,"column":4},"end":{"line":18,"column":70}},"8":{"start":{"line":19,"column":4},"end":{"line":19,"column":53}},"9":{"start":{"line":20,"column":4},"end":{"line":20,"column":19}},"10":{"start":{"line":23,"column":4},"end":{"line":23,"column":70}},"11":{"start":{"line":24,"column":4},"end":{"line":24,"column":22}},"12":{"start":{"line":25,"column":4},"end":{"line":25,"column":76}},"13":{"start":{"line":26,"column":4},"end":{"line":26,"column":75}},"14":{"start":{"line":27,"column":4},"end":{"line":29,"column":5}},"15":{"start":{"line":28,"column":6},"end":{"line":28,"column":73}},"16":{"start":{"line":30,"column":4},"end":{"line":30,"column":69}},"17":{"start":{"line":31,"column":4},"end":{"line":31,"column":61}},"18":{"start":{"line":32,"column":4},"end":{"line":32,"column":65}},"19":{"start":{"line":33,"column":4},"end":{"line":33,"column":59}},"20":{"start":{"line":34,"column":4},"end":{"line":34,"column":19}},"21":{"start":{"line":37,"column":4},"end":{"line":37,"column":66}},"22":{"start":{"line":38,"column":4},"end":{"line":38,"column":22}},"23":{"start":{"line":40,"column":4},"end":{"line":47,"column":7}},"24":{"start":{"line":41,"column":6},"end":{"line":41,"column":37}},"25":{"start":{"line":41,"column":23},"end":{"line":41,"column":37}},"26":{"start":{"line":43,"column":6},"end":{"line":43,"column":119}},"27":{"start":{"line":44,"column":6},"end":{"line":44,"column":71}},"28":{"start":{"line":45,"column":6},"end":{"line":45,"column":66}},"29":{"start":{"line":46,"column":6},"end":{"line":46,"column":24}},"30":{"start":{"line":49,"column":4},"end":{"line":49,"column":14}},"31":{"start":{"line":56,"column":16},"end":{"line":58,"column":14}},"32":{"start":{"line":56,"column":25},"end":{"line":58,"column":14}},"33":{"start":{"line":56,"column":66},"end":{"line":58,"column":13}},"34":{"start":{"line":60,"column":23},"end":{"line":69,"column":15}},"35":{"start":{"line":60,"column":49},"end":{"line":69,"column":5}},"36":{"start":{"line":71,"column":4},"end":{"line":105,"column":6}},"37":{"start":{"line":109,"column":0},"end":{"line":109,"column":31}}},"fnMap":{"0":{"name":"(anonymous_0)","decl":{"start":{"line":11,"column":15},"end":{"line":11,"column":16}},"loc":{"start":{"line":11,"column":44},"end":{"line":50,"column":3}},"line":11},"1":{"name":"(anonymous_1)","decl":{"start":{"line":40,"column":29},"end":{"line":40,"column":30}},"loc":{"start":{"line":40,"column":47},"end":{"line":47,"column":5}},"line":40},"2":{"name":"(anonymous_2)","decl":{"start":{"line":55,"column":16},"end":{"line":55,"column":17}},"loc":{"start":{"line":55,"column":31},"end":{"line":106,"column":3}},"line":55},"3":{"name":"(anonymous_3)","decl":{"start":{"line":56,"column":16},"end":{"line":56,"column":17}},"loc":{"start":{"line":56,"column":25},"end":{"line":58,"column":14}},"line":56},"4":{"name":"(anonymous_4)","decl":{"start":{"line":56,"column":57},"end":{"line":56,"column":58}},"loc":{"start":{"line":56,"column":66},"end":{"line":58,"column":13}},"line":56},"5":{"name":"(anonymous_5)","decl":{"start":{"line":60,"column":44},"end":{"line":60,"column":45}},"loc":{"start":{"line":60,"column":49},"end":{"line":69,"column":5}},"line":60}},"branchMap":{"0":{"loc":{"start":{"line":26,"column":28},"end":{"line":26,"column":67}},"type":"binary-expr","locations":[{"start":{"line":26,"column":28},"end":{"line":26,"column":58}},{"start":{"line":26,"column":62},"end":{"line":26,"column":67}}],"line":26},"1":{"loc":{"start":{"line":27,"column":4},"end":{"line":29,"column":5}},"type":"if","locations":[{"start":{"line":27,"column":4},"end":{"line":29,"column":5}},{"start":{},"end":{}}],"line":27},"2":{"loc":{"start":{"line":41,"column":6},"end":{"line":41,"column":37}},"type":"if","locations":[{"start":{"line":41,"column":6},"end":{"line":41,"column":37}},{"start":{},"end":{}}],"line":41},"3":{"loc":{"start":{"line":94,"column":35},"end":{"line":94,"column":74}},"type":"binary-expr","locations":[{"start":{"line":94,"column":35},"end":{"line":94,"column":65}},{"start":{"line":94,"column":69},"end":{"line":94,"column":74}}],"line":94}},"s":{"0":1,"1":1,"2":1,"3":1,"4":1,"5":1,"6":1,"7":1,"8":1,"9":1,"10":1,"11":1,"12":1,"13":1,"14":1,"15":0,"16":1,"17":1,"18":1,"19":1,"20":1,"21":1,"22":1,"23":1,"24":1,"25":0,"26":1,"27":1,"28":1,"29":1,"30":1,"31":1,"32":7,"33":0,"34":1,"35":1,"36":1,"37":1},"f":{"0":1,"1":1,"2":1,"3":7,"4":0,"5":1},"b":{"0":[1,0],"1":[0,1],"2":[0,1],"3":[1,0]},"_coverageSchema":"1a1c01bbd47fc00a2c39e90264f33305004495a9","hash":"0b628f5559a60cbaeef7fbd5e6ad7c424310cd9a"}
}
