TN:
SF:db.js
FN:3,connectDatabase
FN:26,disconnectDatabase
FNF:2
FNH:0
FNDA:0,connectDatabase
FNDA:0,disconnectDatabase
DA:1,1
DA:4,0
DA:5,0
DA:7,0
DA:11,0
DA:14,0
DA:15,0
DA:21,0
DA:22,0
DA:27,0
DA:30,1
LF:11
LH:2
BRDA:5,0,0,0
BRDA:5,0,1,0
BRF:2
BRH:0
end_of_record
TN:
SF:logger.js
FNF:0
FNH:0
DA:1,1
DA:2,1
DA:3,1
DA:6,1
DA:7,1
DA:8,0
DA:11,1
DA:21,1
DA:22,1
DA:27,1
LF:10
LH:9
BRDA:7,0,0,0
BRDA:7,0,1,1
BRDA:12,1,0,1
BRDA:12,1,1,1
BRDA:21,2,0,1
BRDA:21,2,1,0
BRF:6
BRH:4
end_of_record
TN:
SF:server.js
FN:30,(anonymous_0)
FN:38,(anonymous_1)
FN:62,(anonymous_2)
FN:76,isSafeUrl
FN:125,(anonymous_4)
FN:186,(anonymous_5)
FN:209,(anonymous_6)
FN:231,(anonymous_7)
FN:249,(anonymous_8)
FN:267,(anonymous_9)
FN:284,(anonymous_10)
FN:296,(anonymous_11)
FN:310,(anonymous_12)
FN:311,(anonymous_13)
FNF:14
FNH:7
FNDA:273,(anonymous_0)
FNDA:273,(anonymous_1)
FNDA:0,(anonymous_2)
FNDA:0,isSafeUrl
FNDA:0,(anonymous_4)
FNDA:2,(anonymous_5)
FNDA:1,(anonymous_6)
FNDA:3,(anonymous_7)
FNDA:2,(anonymous_8)
FNDA:1,(anonymous_9)
FNDA:0,(anonymous_10)
FNDA:0,(anonymous_11)
FNDA:0,(anonymous_12)
FNDA:0,(anonymous_13)
DA:5,1
DA:6,1
DA:7,1
DA:8,1
DA:9,1
DA:10,1
DA:11,1
DA:12,1
DA:13,1
DA:14,1
DA:15,1
DA:16,1
DA:17,1
DA:18,1
DA:19,1
DA:20,1
DA:22,1
DA:23,1
DA:27,1
DA:30,1
DA:31,273
DA:32,273
DA:36,1
DA:38,1
DA:39,273
DA:40,273
DA:41,0
DA:43,273
DA:44,273
DA:47,273
DA:48,0
DA:51,273
DA:55,1
DA:56,1
DA:57,1
DA:58,1
DA:59,1
DA:60,1
DA:61,1
DA:62,1
DA:63,0
DA:64,0
DA:65,0
DA:66,0
DA:71,1
DA:77,0
DA:78,0
DA:79,0
DA:81,0
DA:84,0
DA:85,0
DA:88,0
DA:89,0
DA:90,0
DA:93,0
DA:103,0
DA:107,0
DA:110,0
DA:112,0
DA:125,1
DA:126,0
DA:127,0
DA:130,0
DA:131,0
DA:134,0
DA:135,0
DA:136,0
DA:141,0
DA:143,0
DA:144,0
DA:147,0
DA:149,0
DA:150,0
DA:153,0
DA:154,0
DA:155,0
DA:156,0
DA:158,0
DA:169,0
DA:172,0
DA:173,0
DA:175,0
DA:176,0
DA:179,0
DA:186,1
DA:187,2
DA:188,2
DA:189,2
DA:191,1
DA:192,0
DA:195,1
DA:196,1
DA:198,1
DA:199,1
DA:201,0
DA:202,0
DA:209,1
DA:210,1
DA:211,1
DA:212,1
DA:214,1
DA:215,0
DA:218,1
DA:219,1
DA:220,1
DA:222,0
DA:223,0
DA:231,1
DA:232,3
DA:233,3
DA:234,3
DA:235,2
DA:236,1
DA:238,1
DA:239,1
DA:241,0
DA:249,1
DA:250,2
DA:251,2
DA:252,2
DA:253,2
DA:254,1
DA:256,1
DA:257,1
DA:259,0
DA:267,1
DA:268,1
DA:269,1
DA:270,1
DA:271,1
DA:272,0
DA:274,1
DA:275,1
DA:277,0
DA:284,1
DA:285,0
DA:286,0
DA:296,1
DA:297,0
DA:309,1
DA:310,0
DA:311,0
DA:312,0
DA:313,0
DA:314,0
DA:319,1
LF:146
LH:84
BRDA:23,0,0,1
BRDA:23,0,1,0
BRDA:40,1,0,0
BRDA:40,1,1,273
BRDA:47,2,0,0
BRDA:47,2,1,273
BRDA:79,3,0,0
BRDA:79,3,1,0
BRDA:84,4,0,0
BRDA:84,4,1,0
BRDA:84,5,0,0
BRDA:84,5,1,0
BRDA:84,5,2,0
BRDA:93,6,0,0
BRDA:93,6,1,0
BRDA:94,7,0,0
BRDA:94,7,1,0
BRDA:94,7,2,0
BRDA:94,7,3,0
BRDA:94,7,4,0
BRDA:94,7,5,0
BRDA:94,7,6,0
BRDA:94,7,7,0
BRDA:130,8,0,0
BRDA:130,8,1,0
BRDA:135,9,0,0
BRDA:135,9,1,0
BRDA:172,10,0,0
BRDA:172,10,1,0
BRDA:175,11,0,0
BRDA:175,11,1,0
BRDA:175,12,0,0
BRDA:175,12,1,0
BRDA:189,13,0,1
BRDA:189,13,1,1
BRDA:191,14,0,0
BRDA:191,14,1,1
BRDA:191,15,0,1
BRDA:191,15,1,0
BRDA:212,16,0,0
BRDA:212,16,1,1
BRDA:214,17,0,0
BRDA:214,17,1,1
BRDA:214,18,0,1
BRDA:214,18,1,0
BRDA:234,19,0,1
BRDA:234,19,1,2
BRDA:235,20,0,1
BRDA:235,20,1,1
BRDA:235,21,0,2
BRDA:235,21,1,1
BRDA:252,22,0,0
BRDA:252,22,1,2
BRDA:253,23,0,1
BRDA:253,23,1,1
BRDA:253,24,0,2
BRDA:253,24,1,1
BRDA:257,25,0,1
BRDA:257,25,1,0
BRDA:270,26,0,0
BRDA:270,26,1,1
BRDA:271,27,0,0
BRDA:271,27,1,1
BRDA:271,28,0,1
BRDA:271,28,1,0
BRDA:275,29,0,1
BRDA:275,29,1,0
BRDA:309,30,0,0
BRDA:309,30,1,1
BRF:69
BRH:27
end_of_record
TN:
SF:validation.js
FN:3,(anonymous_0)
FNF:1
FNH:1
FNDA:213,(anonymous_0)
DA:1,1
DA:3,1
DA:4,213
DA:5,213
DA:6,3
DA:8,210
DA:11,1
DA:29,1
DA:35,1
DA:43,1
LF:10
LH:10
BRDA:5,0,0,3
BRDA:5,0,1,210
BRF:2
BRH:2
end_of_record
TN:
SF:middleware\auth.js
FN:11,verifyToken
FN:38,isAdmin
FNF:2
FNH:2
FNDA:49,verifyToken
FNDA:11,isAdmin
DA:1,1
DA:2,1
DA:3,1
DA:5,1
DA:6,1
DA:12,49
DA:13,49
DA:15,49
DA:16,5
DA:19,44
DA:20,44
DA:22,44
DA:23,44
DA:24,1
DA:27,43
DA:28,43
DA:30,0
DA:39,11
DA:40,4
DA:42,7
DA:45,1
LF:21
LH:20
BRDA:6,0,0,0
BRDA:6,0,1,1
BRDA:13,1,0,49
BRDA:13,1,1,44
BRDA:15,2,0,5
BRDA:15,2,1,44
BRDA:23,3,0,1
BRDA:23,3,1,43
BRDA:39,4,0,4
BRDA:39,4,1,7
BRDA:39,5,0,11
BRDA:39,5,1,11
BRF:12
BRH:11
end_of_record
TN:
SF:middleware\rateLimiter.js
FN:13,(anonymous_0)
FN:18,(anonymous_1)
FNF:2
FNH:0
FNDA:0,(anonymous_0)
FNDA:0,(anonymous_1)
DA:1,1
DA:2,1
DA:3,1
DA:4,1
DA:8,1
DA:9,0
DA:13,0
DA:14,0
DA:17,0
DA:18,0
DA:22,0
DA:25,1
DA:26,1
DA:29,1
DA:31,1
DA:40,1
DA:48,1
DA:55,1
LF:18
LH:12
BRDA:8,0,0,0
BRDA:8,0,1,1
BRDA:34,1,0,1
BRDA:34,1,1,0
BRDA:43,2,0,1
BRDA:43,2,1,0
BRDA:51,3,0,1
BRDA:51,3,1,0
BRF:8
BRH:4
end_of_record
TN:
SF:models\ActivityLog.js
FN:3,(anonymous_0)
FNF:1
FNH:1
FNDA:58,(anonymous_0)
DA:1,1
DA:2,1
DA:3,58
DA:9,1
LF:4
LH:4
BRF:0
BRH:0
end_of_record
TN:
SF:models\Audit.js
FN:4,(anonymous_0)
FN:35,(anonymous_1)
FN:42,(anonymous_2)
FN:48,(anonymous_3)
FN:52,(anonymous_4)
FN:63,(anonymous_5)
FN:67,(anonymous_6)
FN:71,(anonymous_7)
FNF:8
FNH:7
FNDA:9,(anonymous_0)
FNDA:9,(anonymous_1)
FNDA:9,(anonymous_2)
FNDA:24,(anonymous_3)
FNDA:0,(anonymous_4)
FNDA:1,(anonymous_5)
FNDA:1,(anonymous_6)
FNDA:2,(anonymous_7)
DA:1,1
DA:3,1
DA:4,9
DA:35,9
DA:40,1
DA:42,1
DA:43,9
DA:44,9
DA:45,9
DA:48,1
DA:49,24
DA:52,1
DA:53,0
DA:54,0
DA:55,0
DA:60,0
DA:63,1
DA:64,1
DA:67,1
DA:68,1
DA:71,1
DA:72,2
DA:79,1
DA:80,1
LF:24
LH:20
BRDA:52,0,0,0
BRDA:52,1,0,0
BRF:2
BRH:0
end_of_record
TN:
SF:models\Download.js
FN:3,(anonymous_0)
FNF:1
FNH:0
FNDA:0,(anonymous_0)
DA:1,1
DA:2,1
DA:3,0
DA:8,1
LF:4
LH:3
BRF:0
BRH:0
end_of_record
TN:
SF:models\Payment.js
FN:3,(anonymous_0)
FNF:1
FNH:1
FNDA:1,(anonymous_0)
DA:1,1
DA:2,1
DA:3,1
DA:10,1
LF:4
LH:4
BRF:0
BRH:0
end_of_record
TN:
SF:models\RefreshToken.js
FNF:0
FNH:0
DA:1,1
DA:2,1
DA:7,1
LF:3
LH:3
BRF:0
BRH:0
end_of_record
TN:
SF:models\Template.js
FN:4,(anonymous_0)
FN:19,(anonymous_1)
FN:25,(anonymous_2)
FN:29,(anonymous_3)
FN:33,(anonymous_4)
FN:37,(anonymous_5)
FNF:6
FNH:5
FNDA:7,(anonymous_0)
FNDA:7,(anonymous_1)
FNDA:1,(anonymous_2)
FNDA:2,(anonymous_3)
FNDA:2,(anonymous_4)
FNDA:0,(anonymous_5)
DA:1,1
DA:3,1
DA:4,7
DA:19,1
DA:20,7
DA:21,7
DA:22,7
DA:25,1
DA:26,1
DA:29,1
DA:30,2
DA:33,1
DA:34,2
DA:37,1
DA:38,0
DA:41,1
DA:42,1
LF:17
LH:16
BRF:0
BRH:0
end_of_record
TN:
SF:models\TokenBlacklist.js
FNF:0
FNH:0
DA:1,1
DA:2,1
DA:6,1
DA:7,1
LF:4
LH:4
BRF:0
BRH:0
end_of_record
TN:
SF:models\User.js
FN:6,(anonymous_0)
FN:26,(anonymous_1)
FN:32,(anonymous_2)
FN:36,(anonymous_3)
FN:40,(anonymous_4)
FN:44,(anonymous_5)
FN:48,(anonymous_6)
FN:55,(anonymous_7)
FNF:8
FNH:7
FNDA:61,(anonymous_0)
FNDA:67,(anonymous_1)
FNDA:221,(anonymous_2)
FNDA:0,(anonymous_3)
FNDA:20,(anonymous_4)
FNDA:1,(anonymous_5)
FNDA:1,(anonymous_6)
FNDA:2,(anonymous_7)
DA:1,1
DA:2,1
DA:3,1
DA:5,1
DA:6,61
DA:26,1
DA:27,67
DA:28,67
DA:29,67
DA:32,1
DA:33,221
DA:36,1
DA:37,0
DA:40,1
DA:41,20
DA:44,1
DA:45,1
DA:48,1
DA:49,1
DA:50,1
DA:51,1
DA:52,1
DA:55,1
DA:56,2
DA:59,1
DA:61,1
LF:26
LH:25
BRDA:50,0,0,1
BRDA:50,0,1,0
BRDA:51,1,0,0
BRDA:51,1,1,1
BRF:4
BRH:2
end_of_record
TN:
SF:routes\admin.js
FN:15,(anonymous_0)
FN:22,(anonymous_1)
FN:40,(anonymous_2)
FN:58,(anonymous_3)
FN:82,(anonymous_4)
FNF:5
FNH:4
FNDA:1,(anonymous_0)
FNDA:0,(anonymous_1)
FNDA:1,(anonymous_2)
FNDA:4,(anonymous_3)
FNDA:1,(anonymous_4)
DA:1,1
DA:2,1
DA:3,1
DA:4,1
DA:5,1
DA:6,1
DA:7,1
DA:9,1
DA:15,1
DA:16,1
DA:17,1
DA:18,1
DA:19,1
DA:20,1
DA:21,1
DA:22,1
DA:24,1
DA:32,0
DA:40,1
DA:41,1
DA:42,1
DA:45,1
DA:46,1
DA:48,1
DA:50,0
DA:58,1
DA:59,4
DA:60,4
DA:61,4
DA:62,0
DA:66,4
DA:67,4
DA:69,4
DA:75,4
DA:77,0
DA:81,1
DA:82,1
DA:83,1
DA:84,1
DA:85,1
DA:86,1
DA:91,1
DA:93,0
DA:97,1
LF:44
LH:39
BRDA:61,0,0,0
BRDA:61,0,1,4
BRDA:84,1,0,1
BRDA:84,1,1,1
BRF:4
BRH:3
end_of_record
TN:
SF:routes\auth.js
FN:20,(anonymous_0)
FN:43,(anonymous_1)
FN:55,(anonymous_2)
FN:103,(anonymous_3)
FN:125,(anonymous_4)
FN:157,(anonymous_5)
FN:186,(anonymous_6)
FN:220,(anonymous_7)
FNF:8
FNH:5
FNDA:62,(anonymous_0)
FNDA:0,(anonymous_1)
FNDA:148,(anonymous_2)
FNDA:2,(anonymous_3)
FNDA:4,(anonymous_4)
FNDA:4,(anonymous_5)
FNDA:0,(anonymous_6)
FNDA:0,(anonymous_7)
DA:1,1
DA:2,1
DA:3,1
DA:4,1
DA:5,1
DA:6,1
DA:7,1
DA:8,1
DA:9,1
DA:10,1
DA:11,1
DA:13,1
DA:14,1
DA:15,1
DA:20,1
DA:21,62
DA:23,62
DA:24,62
DA:25,62
DA:26,1
DA:29,61
DA:30,61
DA:31,61
DA:40,61
DA:43,61
DA:45,61
DA:47,0
DA:48,0
DA:55,1
DA:56,148
DA:58,148
DA:59,148
DA:60,148
DA:61,90
DA:64,58
DA:65,58
DA:66,1
DA:69,57
DA:70,2
DA:73,55
DA:77,55
DA:78,55
DA:84,55
DA:85,55
DA:86,55
DA:88,0
DA:89,0
DA:92,55
DA:93,55
DA:95,0
DA:103,1
DA:104,2
DA:105,2
DA:106,2
DA:107,2
DA:108,2
DA:109,2
DA:110,2
DA:111,2
DA:114,2
DA:115,2
DA:117,0
DA:125,1
DA:126,4
DA:128,4
DA:129,0
DA:132,4
DA:133,4
DA:134,4
DA:136,1
DA:139,3
DA:140,3
DA:141,3
DA:142,3
DA:144,3
DA:146,3
DA:148,0
DA:149,0
DA:157,1
DA:158,4
DA:160,4
DA:161,0
DA:164,4
DA:165,4
DA:167,4
DA:168,2
DA:171,2
DA:172,2
DA:173,2
DA:174,2
DA:175,2
DA:178,2
DA:180,2
DA:182,0
DA:186,1
DA:187,0
DA:189,0
DA:190,0
DA:193,0
DA:194,0
DA:196,0
DA:197,0
DA:200,0
DA:201,0
DA:205,0
DA:206,0
DA:207,0
DA:208,0
DA:210,0
DA:212,0
DA:220,1
DA:221,0
DA:222,0
DA:223,0
DA:226,0
DA:227,0
DA:228,0
DA:229,0
DA:232,0
DA:233,0
DA:234,0
DA:237,0
DA:239,0
DA:241,0
DA:245,1
LF:125
LH:86
BRDA:15,0,0,0
BRDA:15,0,1,1
BRDA:25,1,0,1
BRDA:25,1,1,61
BRDA:60,2,0,90
BRDA:60,2,1,58
BRDA:65,3,0,1
BRDA:65,3,1,57
BRDA:69,4,0,2
BRDA:69,4,1,55
BRDA:106,5,0,2
BRDA:106,5,1,2
BRDA:107,6,0,2
BRDA:107,6,1,0
BRDA:109,7,0,2
BRDA:109,7,1,0
BRDA:109,8,0,2
BRDA:109,8,1,2
BRDA:128,9,0,0
BRDA:128,9,1,4
BRDA:134,10,0,1
BRDA:134,10,1,3
BRDA:160,11,0,0
BRDA:160,11,1,4
BRDA:160,12,0,4
BRDA:160,12,1,4
BRDA:160,12,2,4
BRDA:167,13,0,2
BRDA:167,13,1,2
BRDA:167,14,0,4
BRDA:167,14,1,4
BRDA:167,14,2,2
BRDA:189,15,0,0
BRDA:189,15,1,0
BRDA:189,16,0,0
BRDA:189,16,1,0
BRDA:196,17,0,0
BRDA:196,17,1,0
BRDA:200,18,0,0
BRDA:200,18,1,0
BRDA:200,19,0,0
BRDA:200,19,1,0
BRDA:222,20,0,0
BRDA:222,20,1,0
BRDA:228,21,0,0
BRDA:228,21,1,0
BRDA:228,22,0,0
BRDA:228,22,1,0
BRDA:233,23,0,0
BRDA:233,23,1,0
BRDA:233,24,0,0
BRDA:233,24,1,0
BRF:52
BRH:27
end_of_record
TN:
SF:routes\marketplace.js
FN:21,(anonymous_0)
FN:24,(anonymous_1)
FN:32,(anonymous_2)
FN:42,(anonymous_3)
FN:98,(anonymous_4)
FN:109,(anonymous_5)
FN:116,(anonymous_6)
FN:128,(anonymous_7)
FN:143,(anonymous_8)
FN:157,(anonymous_9)
FNF:10
FNH:7
FNDA:0,(anonymous_0)
FNDA:0,(anonymous_1)
FNDA:1,(anonymous_2)
FNDA:9,(anonymous_3)
FNDA:1,(anonymous_4)
FNDA:2,(anonymous_5)
FNDA:1,(anonymous_6)
FNDA:1,(anonymous_7)
FNDA:0,(anonymous_8)
FNDA:1,(anonymous_9)
DA:1,1
DA:2,1
DA:3,1
DA:4,1
DA:5,1
DA:6,1
DA:7,1
DA:8,1
DA:9,1
DA:11,1
DA:14,1
DA:15,1
DA:16,0
DA:19,1
DA:20,1
DA:22,0
DA:25,0
DA:26,0
DA:29,1
DA:33,1
DA:34,1
DA:42,1
DA:43,9
DA:44,9
DA:45,1
DA:48,8
DA:49,8
DA:50,1
DA:53,7
DA:55,7
DA:58,7
DA:60,7
DA:61,7
DA:62,7
DA:64,7
DA:65,7
DA:66,0
DA:69,7
DA:70,7
DA:71,0
DA:74,7
DA:88,7
DA:93,0
DA:94,0
DA:98,1
DA:99,1
DA:100,1
DA:102,0
DA:109,1
DA:110,2
DA:111,2
DA:112,2
DA:114,2
DA:115,1
DA:116,1
DA:118,2
DA:120,0
DA:128,1
DA:129,1
DA:130,1
DA:131,1
DA:132,0
DA:134,1
DA:135,1
DA:138,0
DA:139,0
DA:140,0
DA:143,0
DA:144,0
DA:145,0
DA:149,0
DA:157,1
DA:158,1
DA:159,1
DA:160,1
DA:161,1
DA:162,1
DA:164,0
DA:170,1
LF:79
LH:60
BRDA:15,0,0,0
BRDA:15,0,1,1
BRDA:33,1,0,0
BRDA:33,1,1,1
BRDA:44,2,0,1
BRDA:44,2,1,8
BRDA:44,3,0,9
BRDA:44,3,1,8
BRDA:44,3,2,8
BRDA:49,4,0,1
BRDA:49,4,1,7
BRDA:49,5,0,8
BRDA:49,5,1,8
BRDA:58,6,0,7
BRDA:58,6,1,0
BRDA:62,7,0,7
BRDA:62,7,1,0
BRDA:65,8,0,0
BRDA:65,8,1,7
BRDA:65,9,0,7
BRDA:65,9,1,0
BRDA:70,10,0,0
BRDA:70,10,1,7
BRDA:70,11,0,7
BRDA:70,11,1,0
BRDA:79,12,0,7
BRDA:79,12,1,7
BRDA:80,13,0,7
BRDA:80,13,1,0
BRDA:88,14,0,7
BRDA:88,14,1,0
BRDA:89,15,0,7
BRDA:89,15,1,0
BRDA:99,16,0,1
BRDA:99,16,1,0
BRDA:99,17,0,1
BRDA:99,17,1,1
BRDA:114,18,0,1
BRDA:114,18,1,1
BRDA:131,19,0,0
BRDA:131,19,1,1
BRDA:134,20,0,1
BRDA:134,20,1,0
BRDA:139,21,0,0
BRDA:139,21,1,0
BRDA:144,22,0,0
BRDA:144,22,1,0
BRDA:160,23,0,0
BRDA:160,23,1,1
BRF:49
BRH:30
end_of_record
TN:
SF:routes\recommendations.js
FN:7,(anonymous_0)
FNF:1
FNH:1
FNDA:3,(anonymous_0)
DA:1,1
DA:2,1
DA:3,1
DA:4,1
DA:7,1
DA:8,3
DA:9,3
DA:10,2
DA:11,1
DA:13,1
DA:16,1
LF:11
LH:11
BRDA:9,0,0,1
BRDA:9,0,1,2
BRDA:10,1,0,1
BRDA:10,1,1,1
BRDA:10,2,0,2
BRDA:10,2,1,1
BRF:6
BRH:6
end_of_record
TN:
SF:routes\user.js
FN:13,(anonymous_0)
FN:32,(anonymous_1)
FN:49,(anonymous_2)
FN:82,(anonymous_3)
FN:119,(anonymous_4)
FN:134,(anonymous_5)
FNF:6
FNH:4
FNDA:1,(anonymous_0)
FNDA:1,(anonymous_1)
FNDA:2,(anonymous_2)
FNDA:2,(anonymous_3)
FNDA:0,(anonymous_4)
FNDA:0,(anonymous_5)
DA:1,1
DA:2,1
DA:3,1
DA:4,1
DA:5,1
DA:7,1
DA:13,1
DA:14,1
DA:18,1
DA:19,1
DA:20,0
DA:22,1
DA:24,0
DA:32,1
DA:33,1
DA:34,1
DA:35,1
DA:36,1
DA:37,0
DA:39,1
DA:41,0
DA:49,1
DA:50,2
DA:52,2
DA:53,0
DA:56,2
DA:57,2
DA:58,2
DA:59,0
DA:63,2
DA:64,2
DA:65,1
DA:69,1
DA:70,1
DA:72,1
DA:74,0
DA:82,1
DA:83,2
DA:85,2
DA:86,0
DA:89,2
DA:90,2
DA:91,2
DA:92,0
DA:96,2
DA:97,2
DA:98,1
DA:102,1
DA:106,1
DA:107,1
DA:109,1
DA:111,0
DA:119,1
DA:120,0
DA:121,0
DA:122,0
DA:123,0
DA:124,0
DA:126,0
DA:134,1
DA:135,0
DA:136,0
DA:137,0
DA:139,0
DA:143,1
LF:65
LH:45
BRDA:19,0,0,0
BRDA:19,0,1,1
BRDA:36,1,0,0
BRDA:36,1,1,1
BRDA:52,2,0,0
BRDA:52,2,1,2
BRDA:52,3,0,2
BRDA:52,3,1,2
BRDA:58,4,0,0
BRDA:58,4,1,2
BRDA:64,5,0,1
BRDA:64,5,1,1
BRDA:85,6,0,0
BRDA:85,6,1,2
BRDA:91,7,0,0
BRDA:91,7,1,2
BRDA:97,8,0,1
BRDA:97,8,1,1
BRDA:121,9,0,0
BRDA:121,9,1,0
BRDA:122,10,0,0
BRDA:122,10,1,0
BRF:22
BRH:12
end_of_record
TN:
SF:services\activityLogger.js
FN:4,log
FNF:1
FNH:1
FNDA:58,log
DA:1,1
DA:2,1
DA:5,58
DA:6,58
DA:8,0
DA:12,1
LF:6
LH:5
BRDA:4,0,0,2
BRF:1
BRH:1
end_of_record
TN:
SF:services\reportService.js
FN:11,(anonymous_0)
FN:40,(anonymous_1)
FN:55,(anonymous_2)
FN:56,(anonymous_3)
FN:56,(anonymous_4)
FN:60,(anonymous_5)
FNF:6
FNH:5
FNDA:1,(anonymous_0)
FNDA:1,(anonymous_1)
FNDA:1,(anonymous_2)
FNDA:7,(anonymous_3)
FNDA:0,(anonymous_4)
FNDA:1,(anonymous_5)
DA:1,1
DA:2,1
DA:7,1
DA:12,1
DA:13,1
DA:16,1
DA:17,1
DA:18,1
DA:19,1
DA:20,1
DA:23,1
DA:24,1
DA:25,1
DA:26,1
DA:27,1
DA:28,0
DA:30,1
DA:31,1
DA:32,1
DA:33,1
DA:34,1
DA:37,1
DA:38,1
DA:40,1
DA:41,1
DA:43,1
DA:44,1
DA:45,1
DA:46,1
DA:49,1
DA:56,7
DA:60,1
DA:71,1
DA:109,1
LF:34
LH:33
BRDA:26,0,0,1
BRDA:26,0,1,0
BRDA:27,1,0,0
BRDA:27,1,1,1
BRDA:41,2,0,0
BRDA:41,2,1,1
BRDA:94,3,0,1
BRDA:94,3,1,0
BRF:8
BRH:4
end_of_record
